# JRE version: OpenJDK Runtime Environment (8.0_76-b03) (build 1.8.0_76-release-b03)
# Java VM: OpenJDK 64-Bit Server VM (25.76-b03 mixed mode linux-amd64 compressed oops)
Heap:
 PSYoungGen      total 323072K, used 17903K [0x00000000e0000000, 0x00000000f7d80000, 0x0000000100000000)
  eden space 305152K, 0% used [0x00000000e0000000,0x00000000e0000000,0x00000000f2a00000)
  from space 17920K, 99% used [0x00000000f2a00000,0x00000000f3b7bd20,0x00000000f3b80000)
  to   space 18432K, 0% used [0x00000000f3b80000,0x00000000f3b80000,0x00000000f4d80000)
 ParOldGen       total 83456K, used 56823K [0x00000000a0000000, 0x00000000a5180000, 0x00000000e0000000)
  object space 83456K, 68% used [0x00000000a0000000,0x00000000a377dd00,0x00000000a5180000)
 Metaspace       used 62412K, capacity 64040K, committed 64256K, reserved 1105920K
  class space    used 7997K, capacity 8374K, committed 8448K, reserved 1048576K
GC Heap History (10 events):
Event: 30.132 GC heap after
Heap after GC invocations=15 (full 2):
 PSYoungGen      total 204288K, used 6633K [0x00000000e0000000, 0x00000000f1200000, 0x0000000100000000)
  eden space 186880K, 0% used [0x00000000e0000000,0x00000000e0000000,0x00000000eb680000)
  from space 17408K, 38% used [0x00000000eb680000,0x00000000ebcfa558,0x00000000ec780000)
  to   space 16384K, 0% used [0x00000000f0200000,0x00000000f0200000,0x00000000f1200000)
 ParOldGen       total 48128K, used 39888K [0x00000000a0000000, 0x00000000a2f00000, 0x00000000e0000000)
  object space 48128K, 82% used [0x00000000a0000000,0x00000000a26f4290,0x00000000a2f00000)
 Metaspace       used 50348K, capacity 51622K, committed 51840K, reserved 1093632K
  class space    used 6681K, capacity 6965K, committed 7040K, reserved 1048576K
}
Event: 30.132 GC heap before
{Heap before GC invocations=16 (full 3):
 PSYoungGen      total 204288K, used 6633K [0x00000000e0000000, 0x00000000f1200000, 0x0000000100000000)
  eden space 186880K, 0% used [0x00000000e0000000,0x00000000e0000000,0x00000000eb680000)
  from space 17408K, 38% used [0x00000000eb680000,0x00000000ebcfa558,0x00000000ec780000)
  to   space 16384K, 0% used [0x00000000f0200000,0x00000000f0200000,0x00000000f1200000)
 ParOldGen       total 48128K, used 39888K [0x00000000a0000000, 0x00000000a2f00000, 0x00000000e0000000)
  object space 48128K, 82% used [0x00000000a0000000,0x00000000a26f4290,0x00000000a2f00000)
 Metaspace       used 50348K, capacity 51622K, committed 51840K, reserved 1093632K
  class space    used 6681K, capacity 6965K, committed 7040K, reserved 1048576K
Event: 30.484 GC heap after
Heap after GC invocations=16 (full 3):
 PSYoungGen      total 204288K, used 0K [0x00000000e0000000, 0x00000000f1200000, 0x0000000100000000)
  eden space 186880K, 0% used [0x00000000e0000000,0x00000000e0000000,0x00000000eb680000)
  from space 17408K, 0% used [0x00000000eb680000,0x00000000eb680000,0x00000000ec780000)
  to   space 16384K, 0% used [0x00000000f0200000,0x00000000f0200000,0x00000000f1200000)
 ParOldGen       total 83456K, used 38123K [0x00000000a0000000, 0x00000000a5180000, 0x00000000e0000000)
  object space 83456K, 45% used [0x00000000a0000000,0x00000000a253ae90,0x00000000a5180000)
 Metaspace       used 50348K, capacity 51622K, committed 51840K, reserved 1093632K
  class space    used 6681K, capacity 6965K, committed 7040K, reserved 1048576K
}
Event: 53.702 GC heap before
{Heap before GC invocations=17 (full 3):
 PSYoungGen      total 204288K, used 186880K [0x00000000e0000000, 0x00000000f1200000, 0x0000000100000000)
  eden space 186880K, 100% used [0x00000000e0000000,0x00000000eb680000,0x00000000eb680000)
  from space 17408K, 0% used [0x00000000eb680000,0x00000000eb680000,0x00000000ec780000)
  to   space 16384K, 0% used [0x00000000f0200000,0x00000000f0200000,0x00000000f1200000)
 ParOldGen       total 83456K, used 38123K [0x00000000a0000000, 0x00000000a5180000, 0x00000000e0000000)
  object space 83456K, 45% used [0x00000000a0000000,0x00000000a253ae90,0x00000000a5180000)
 Metaspace       used 55880K, capacity 57252K, committed 57472K, reserved 1099776K
  class space    used 7369K, capacity 7686K, committed 7808K, reserved 1048576K
Event: 53.754 GC heap after
Heap after GC invocations=17 (full 3):
 PSYoungGen      total 256512K, used 16374K [0x00000000e0000000, 0x00000000f1200000, 0x0000000100000000)
  eden space 240128K, 0% used [0x00000000e0000000,0x00000000e0000000,0x00000000eea80000)
  from space 16384K, 99% used [0x00000000f0200000,0x00000000f11fdb48,0x00000000f1200000)
  to   space 18944K, 0% used [0x00000000eed00000,0x00000000eed00000,0x00000000eff80000)
 ParOldGen       total 83456K, used 38416K [0x00000000a0000000, 0x00000000a5180000, 0x00000000e0000000)
  object space 83456K, 46% used [0x00000000a0000000,0x00000000a2584190,0x00000000a5180000)
 Metaspace       used 55880K, capacity 57252K, committed 57472K, reserved 1099776K
  class space    used 7369K, capacity 7686K, committed 7808K, reserved 1048576K
}
Event: 60.170 GC heap before
{Heap before GC invocations=18 (full 3):
 PSYoungGen      total 256512K, used 255891K [0x00000000e0000000, 0x00000000f1200000, 0x0000000100000000)
  eden space 240128K, 99% used [0x00000000e0000000,0x00000000ee9e72f8,0x00000000eea80000)
  from space 16384K, 99% used [0x00000000f0200000,0x00000000f11fdb48,0x00000000f1200000)
  to   space 18944K, 0% used [0x00000000eed00000,0x00000000eed00000,0x00000000eff80000)
 ParOldGen       total 83456K, used 38416K [0x00000000a0000000, 0x00000000a5180000, 0x00000000e0000000)
  object space 83456K, 46% used [0x00000000a0000000,0x00000000a2584190,0x00000000a5180000)
 Metaspace       used 57973K, capacity 59402K, committed 59648K, reserved 1101824K
  class space    used 7576K, capacity 7875K, committed 7936K, reserved 1048576K
Event: 60.236 GC heap after
Heap after GC invocations=18 (full 3):
 PSYoungGen      total 261632K, used 5418K [0x00000000e0000000, 0x00000000f4d80000, 0x0000000100000000)
  eden space 242688K, 0% used [0x00000000e0000000,0x00000000e0000000,0x00000000eed00000)
  from space 18944K, 28% used [0x00000000eed00000,0x00000000ef24abf0,0x00000000eff80000)
  to   space 18432K, 0% used [0x00000000f3b80000,0x00000000f3b80000,0x00000000f4d80000)
 ParOldGen       total 83456K, used 46219K [0x00000000a0000000, 0x00000000a5180000, 0x00000000e0000000)
  object space 83456K, 55% used [0x00000000a0000000,0x00000000a2d22fe0,0x00000000a5180000)
 Metaspace       used 57973K, capacity 59402K, committed 59648K, reserved 1101824K
  class space    used 7576K, capacity 7875K, committed 7936K, reserved 1048576K
}
Event: 60.324 GC heap before
{Heap before GC invocations=19 (full 3):
 PSYoungGen      total 261632K, used 247699K [0x00000000e0000000, 0x00000000f4d80000, 0x0000000100000000)
  eden space 242688K, 99% used [0x00000000e0000000,0x00000000eec9a270,0x00000000eed00000)
  from space 18944K, 28% used [0x00000000eed00000,0x00000000ef24abf0,0x00000000eff80000)
  to   space 18432K, 0% used [0x00000000f3b80000,0x00000000f3b80000,0x00000000f4d80000)
 ParOldGen       total 83456K, used 46219K [0x00000000a0000000, 0x00000000a5180000, 0x00000000e0000000)
  object space 83456K, 55% used [0x00000000a0000000,0x00000000a2d22fe0,0x00000000a5180000)
 Metaspace       used 57983K, capacity 59402K, committed 59648K, reserved 1101824K
  class space    used 7576K, capacity 7875K, committed 7936K, reserved 1048576K
Event: 60.347 GC heap after
Heap after GC invocations=19 (full 3):
 PSYoungGen      total 323584K, used 4428K [0x00000000e0000000, 0x00000000f7d80000, 0x0000000100000000)
  eden space 305152K, 0% used [0x00000000e0000000,0x00000000e0000000,0x00000000f2a00000)
  from space 18432K, 24% used [0x00000000f3b80000,0x00000000f3fd32f8,0x00000000f4d80000)
  to   space 17920K, 0% used [0x00000000f2a00000,0x00000000f2a00000,0x00000000f3b80000)
 ParOldGen       total 83456K, used 46227K [0x00000000a0000000, 0x00000000a5180000, 0x00000000e0000000)
  object space 83456K, 55% used [0x00000000a0000000,0x00000000a2d24fe0,0x00000000a5180000)
 Metaspace       used 57983K, capacity 59402K, committed 59648K, reserved 1101824K
  class space    used 7576K, capacity 7875K, committed 7936K, reserved 1048576K
}
Event: 130.183 GC heap before
{Heap before GC invocations=20 (full 3):
 PSYoungGen      total 323584K, used 309580K [0x00000000e0000000, 0x00000000f7d80000, 0x0000000100000000)
  eden space 305152K, 100% used [0x00000000e0000000,0x00000000f2a00000,0x00000000f2a00000)
  from space 18432K, 24% used [0x00000000f3b80000,0x00000000f3fd32f8,0x00000000f4d80000)
  to   space 17920K, 0% used [0x00000000f2a00000,0x00000000f2a00000,0x00000000f3b80000)
 ParOldGen       total 83456K, used 46227K [0x00000000a0000000, 0x00000000a5180000, 0x00000000e0000000)
  object space 83456K, 55% used [0x00000000a0000000,0x00000000a2d24fe0,0x00000000a5180000)
 Metaspace       used 62412K, capacity 64040K, committed 64256K, reserved 1105920K
  class space    used 7997K, capacity 8374K, committed 8448K, reserved 1048576K

