# JRE version: OpenJDK Runtime Environment (8.0_76-b03) (build 1.8.0_76-release-b03)
# Java VM: OpenJDK 64-Bit Server VM (25.76-b03 mixed mode linux-amd64 compressed oops)
Heap:
 PSYoungGen      total 146944K, used 10208K [0x00000000e0000000, 0x00000000e9b00000, 0x0000000100000000)
  eden space 136704K, 0% used [0x00000000e0000000,0x00000000e0000000,0x00000000e8580000)
  from space 10240K, 99% used [0x00000000e8580000,0x00000000e8f78020,0x00000000e8f80000)
  to   space 9216K, 0% used [0x00000000e8f80000,0x00000000e8f80000,0x00000000e9880000)
 ParOldGen       total 43520K, used 31791K [0x00000000a0000000, 0x00000000a2a80000, 0x00000000e0000000)
  object space 43520K, 73% used [0x00000000a0000000,0x00000000a1f0bd90,0x00000000a2a80000)
 Metaspace       used 48710K, capacity 49968K, committed 50048K, reserved 1093632K
  class space    used 6479K, capacity 6784K, committed 6784K, reserved 1048576K
GC Heap History (10 events):
Event: 15.668 GC heap after
Heap after GC invocations=14 (full 1):
 PSYoungGen      total 76800K, used 6482K [0x00000000e0000000, 0x00000000e7280000, 0x0000000100000000)
  eden space 69632K, 0% used [0x00000000e0000000,0x00000000e0000000,0x00000000e4400000)
  from space 7168K, 90% used [0x00000000e4400000,0x00000000e4a54bb0,0x00000000e4b00000)
  to   space 7680K, 0% used [0x00000000e6b00000,0x00000000e6b00000,0x00000000e7280000)
 ParOldGen       total 30720K, used 12222K [0x00000000a0000000, 0x00000000a1e00000, 0x00000000e0000000)
  object space 30720K, 39% used [0x00000000a0000000,0x00000000a0befb88,0x00000000a1e00000)
 Metaspace       used 32252K, capacity 32856K, committed 33280K, reserved 1077248K
  class space    used 4348K, capacity 4535K, committed 4608K, reserved 1048576K
}
Event: 16.391 GC heap before
{Heap before GC invocations=15 (full 1):
 PSYoungGen      total 76800K, used 35258K [0x00000000e0000000, 0x00000000e7280000, 0x0000000100000000)
  eden space 69632K, 41% used [0x00000000e0000000,0x00000000e1c19fb8,0x00000000e4400000)
  from space 7168K, 90% used [0x00000000e4400000,0x00000000e4a54bb0,0x00000000e4b00000)
  to   space 7680K, 0% used [0x00000000e6b00000,0x00000000e6b00000,0x00000000e7280000)
 ParOldGen       total 30720K, used 12222K [0x00000000a0000000, 0x00000000a1e00000, 0x00000000e0000000)
  object space 30720K, 39% used [0x00000000a0000000,0x00000000a0befb88,0x00000000a1e00000)
 Metaspace       used 34721K, capacity 35266K, committed 35496K, reserved 1079296K
  class space    used 4646K, capacity 4798K, committed 4864K, reserved 1048576K
Event: 16.402 GC heap after
Heap after GC invocations=15 (full 1):
 PSYoungGen      total 109568K, used 3544K [0x00000000e0000000, 0x00000000e7280000, 0x0000000100000000)
  eden space 101888K, 0% used [0x00000000e0000000,0x00000000e0000000,0x00000000e6380000)
  from space 7680K, 46% used [0x00000000e6b00000,0x00000000e6e76318,0x00000000e7280000)
  to   space 7680K, 0% used [0x00000000e6380000,0x00000000e6380000,0x00000000e6b00000)
 ParOldGen       total 30720K, used 14776K [0x00000000a0000000, 0x00000000a1e00000, 0x00000000e0000000)
  object space 30720K, 48% used [0x00000000a0000000,0x00000000a0e6e398,0x00000000a1e00000)
 Metaspace       used 34721K, capacity 35266K, committed 35496K, reserved 1079296K
  class space    used 4646K, capacity 4798K, committed 4864K, reserved 1048576K
}
Event: 16.402 GC heap before
{Heap before GC invocations=16 (full 2):
 PSYoungGen      total 109568K, used 3544K [0x00000000e0000000, 0x00000000e7280000, 0x0000000100000000)
  eden space 101888K, 0% used [0x00000000e0000000,0x00000000e0000000,0x00000000e6380000)
  from space 7680K, 46% used [0x00000000e6b00000,0x00000000e6e76318,0x00000000e7280000)
  to   space 7680K, 0% used [0x00000000e6380000,0x00000000e6380000,0x00000000e6b00000)
 ParOldGen       total 30720K, used 14776K [0x00000000a0000000, 0x00000000a1e00000, 0x00000000e0000000)
  object space 30720K, 48% used [0x00000000a0000000,0x00000000a0e6e398,0x00000000a1e00000)
 Metaspace       used 34721K, capacity 35266K, committed 35496K, reserved 1079296K
  class space    used 4646K, capacity 4798K, committed 4864K, reserved 1048576K
Event: 16.496 GC heap after
Heap after GC invocations=16 (full 2):
 PSYoungGen      total 109568K, used 0K [0x00000000e0000000, 0x00000000e7280000, 0x0000000100000000)
  eden space 101888K, 0% used [0x00000000e0000000,0x00000000e0000000,0x00000000e6380000)
  from space 7680K, 0% used [0x00000000e6b00000,0x00000000e6b00000,0x00000000e7280000)
  to   space 7680K, 0% used [0x00000000e6380000,0x00000000e6380000,0x00000000e6b00000)
 ParOldGen       total 43520K, used 15615K [0x00000000a0000000, 0x00000000a2a80000, 0x00000000e0000000)
  object space 43520K, 35% used [0x00000000a0000000,0x00000000a0f3fd20,0x00000000a2a80000)
 Metaspace       used 34721K, capacity 35266K, committed 35496K, reserved 1079296K
  class space    used 4646K, capacity 4798K, committed 4864K, reserved 1048576K
}
Event: 21.087 GC heap before
{Heap before GC invocations=17 (full 2):
 PSYoungGen      total 109568K, used 101888K [0x00000000e0000000, 0x00000000e7280000, 0x0000000100000000)
  eden space 101888K, 100% used [0x00000000e0000000,0x00000000e6380000,0x00000000e6380000)
  from space 7680K, 0% used [0x00000000e6b00000,0x00000000e6b00000,0x00000000e7280000)
  to   space 7680K, 0% used [0x00000000e6380000,0x00000000e6380000,0x00000000e6b00000)
 ParOldGen       total 43520K, used 15615K [0x00000000a0000000, 0x00000000a2a80000, 0x00000000e0000000)
  object space 43520K, 35% used [0x00000000a0000000,0x00000000a0f3fd20,0x00000000a2a80000)
 Metaspace       used 41952K, capacity 42762K, committed 43008K, reserved 1087488K
  class space    used 5602K, capacity 5819K, committed 5888K, reserved 1048576K
Event: 21.101 GC heap after
Heap after GC invocations=17 (full 2):
 PSYoungGen      total 109568K, used 7660K [0x00000000e0000000, 0x00000000e9880000, 0x0000000100000000)
  eden space 101888K, 0% used [0x00000000e0000000,0x00000000e0000000,0x00000000e6380000)
  from space 7680K, 99% used [0x00000000e6380000,0x00000000e6afb168,0x00000000e6b00000)
  to   space 9216K, 0% used [0x00000000e8f80000,0x00000000e8f80000,0x00000000e9880000)
 ParOldGen       total 43520K, used 17291K [0x00000000a0000000, 0x00000000a2a80000, 0x00000000e0000000)
  object space 43520K, 39% used [0x00000000a0000000,0x00000000a10e2ee0,0x00000000a2a80000)
 Metaspace       used 41952K, capacity 42762K, committed 43008K, reserved 1087488K
  class space    used 5602K, capacity 5819K, committed 5888K, reserved 1048576K
}
Event: 24.583 GC heap before
{Heap before GC invocations=18 (full 2):
 PSYoungGen      total 109568K, used 109548K [0x00000000e0000000, 0x00000000e9880000, 0x0000000100000000)
  eden space 101888K, 100% used [0x00000000e0000000,0x00000000e6380000,0x00000000e6380000)
  from space 7680K, 99% used [0x00000000e6380000,0x00000000e6afb168,0x00000000e6b00000)
  to   space 9216K, 0% used [0x00000000e8f80000,0x00000000e8f80000,0x00000000e9880000)
 ParOldGen       total 43520K, used 17291K [0x00000000a0000000, 0x00000000a2a80000, 0x00000000e0000000)
  object space 43520K, 39% used [0x00000000a0000000,0x00000000a10e2ee0,0x00000000a2a80000)
 Metaspace       used 44411K, capacity 45486K, committed 45696K, reserved 1089536K
  class space    used 5940K, capacity 6199K, committed 6272K, reserved 1048576K
Event: 24.633 GC heap after
Heap after GC invocations=18 (full 2):
 PSYoungGen      total 145920K, used 8178K [0x00000000e0000000, 0x00000000e9b00000, 0x0000000100000000)
  eden space 136704K, 0% used [0x00000000e0000000,0x00000000e0000000,0x00000000e8580000)
  from space 9216K, 88% used [0x00000000e8f80000,0x00000000e977c8c8,0x00000000e9880000)
  to   space 10240K, 0% used [0x00000000e8580000,0x00000000e8580000,0x00000000e8f80000)
 ParOldGen       total 43520K, used 22671K [0x00000000a0000000, 0x00000000a2a80000, 0x00000000e0000000)
  object space 43520K, 52% used [0x00000000a0000000,0x00000000a1623f20,0x00000000a2a80000)
 Metaspace       used 44411K, capacity 45486K, committed 45696K, reserved 1089536K
  class space    used 5940K, capacity 6199K, committed 6272K, reserved 1048576K
}
Event: 32.606 GC heap before
{Heap before GC invocations=19 (full 2):
 PSYoungGen      total 145920K, used 144882K [0x00000000e0000000, 0x00000000e9b00000, 0x0000000100000000)
  eden space 136704K, 100% used [0x00000000e0000000,0x00000000e8580000,0x00000000e8580000)
  from space 9216K, 88% used [0x00000000e8f80000,0x00000000e977c8c8,0x00000000e9880000)
  to   space 10240K, 0% used [0x00000000e8580000,0x00000000e8580000,0x00000000e8f80000)
 ParOldGen       total 43520K, used 22671K [0x00000000a0000000, 0x00000000a2a80000, 0x00000000e0000000)
  object space 43520K, 52% used [0x00000000a0000000,0x00000000a1623f20,0x00000000a2a80000)
 Metaspace       used 48710K, capacity 49968K, committed 50048K, reserved 1093632K
  class space    used 6479K, capacity 6784K, committed 6784K, reserved 1048576K

