# JRE version: OpenJDK Runtime Environment (8.0_76-b03) (build 1.8.0_76-release-b03)
# Java VM: OpenJDK 64-Bit Server VM (25.76-b03 mixed mode linux-amd64 compressed oops)
Heap:
 PSYoungGen      total 381440K, used 69094K [0x000000076ab00000, 0x000000078a100000, 0x00000007c0000000)
  eden space 312320K, 0% used [0x000000076ab00000,0x000000076ab00000,0x000000077dc00000)
  from space 69120K, 99% used [0x0000000785d80000,0x000000078a0f9af0,0x000000078a100000)
  to   space 65536K, 0% used [0x000000077dc00000,0x000000077dc00000,0x0000000781c00000)
 ParOldGen       total 227840K, used 184060K [0x00000006c0000000, 0x00000006cde80000, 0x000000076ab00000)
  object space 227840K, 80% used [0x00000006c0000000,0x00000006cb3bf008,0x00000006cde80000)
 Metaspace       used 6552K, capacity 7280K, committed 7552K, reserved 1056768K
  class space    used 594K, capacity 616K, committed 640K, reserved 1048576K
GC Heap History (10 events):
Event: 6.231 GC heap after
Heap after GC invocations=12 (full 2):
 PSYoungGen      total 307200K, used 32137K [0x000000076ab00000, 0x0000000782c80000, 0x00000007c0000000)
  eden space 270848K, 0% used [0x000000076ab00000,0x000000076ab00000,0x000000077b380000)
  from space 36352K, 88% used [0x000000077e580000,0x00000007804e2448,0x0000000780900000)
  to   space 51200K, 0% used [0x000000077b380000,0x000000077b380000,0x000000077e580000)
 ParOldGen       total 140800K, used 77641K [0x00000006c0000000, 0x00000006c8980000, 0x000000076ab00000)
  object space 140800K, 55% used [0x00000006c0000000,0x00000006c4bd2518,0x00000006c8980000)
 Metaspace       used 6504K, capacity 7280K, committed 7552K, reserved 1056768K
  class space    used 593K, capacity 616K, committed 640K, reserved 1048576K
}
Event: 7.375 GC heap before
{Heap before GC invocations=13 (full 2):
 PSYoungGen      total 307200K, used 302985K [0x000000076ab00000, 0x0000000782c80000, 0x00000007c0000000)
  eden space 270848K, 100% used [0x000000076ab00000,0x000000077b380000,0x000000077b380000)
  from space 36352K, 88% used [0x000000077e580000,0x00000007804e2448,0x0000000780900000)
  to   space 51200K, 0% used [0x000000077b380000,0x000000077b380000,0x000000077e580000)
 ParOldGen       total 140800K, used 77641K [0x00000006c0000000, 0x00000006c8980000, 0x000000076ab00000)
  object space 140800K, 55% used [0x00000006c0000000,0x00000006c4bd2518,0x00000006c8980000)
 Metaspace       used 6520K, capacity 7280K, committed 7552K, reserved 1056768K
  class space    used 593K, capacity 616K, committed 640K, reserved 1048576K
Event: 7.586 GC heap after
Heap after GC invocations=13 (full 2):
 PSYoungGen      total 322048K, used 36110K [0x000000076ab00000, 0x0000000785180000, 0x00000007c0000000)
  eden space 270848K, 0% used [0x000000076ab00000,0x000000076ab00000,0x000000077b380000)
  from space 51200K, 70% used [0x000000077b380000,0x000000077d6c38d8,0x000000077e580000)
  to   space 54784K, 0% used [0x0000000781c00000,0x0000000781c00000,0x0000000785180000)
 ParOldGen       total 140800K, used 109977K [0x00000006c0000000, 0x00000006c8980000, 0x000000076ab00000)
  object space 140800K, 78% used [0x00000006c0000000,0x00000006c6b66468,0x00000006c8980000)
 Metaspace       used 6520K, capacity 7280K, committed 7552K, reserved 1056768K
  class space    used 593K, capacity 616K, committed 640K, reserved 1048576K
}
Event: 8.115 GC heap before
{Heap before GC invocations=14 (full 2):
 PSYoungGen      total 322048K, used 306958K [0x000000076ab00000, 0x0000000785180000, 0x00000007c0000000)
  eden space 270848K, 100% used [0x000000076ab00000,0x000000077b380000,0x000000077b380000)
  from space 51200K, 70% used [0x000000077b380000,0x000000077d6c38d8,0x000000077e580000)
  to   space 54784K, 0% used [0x0000000781c00000,0x0000000781c00000,0x0000000785180000)
 ParOldGen       total 140800K, used 109977K [0x00000006c0000000, 0x00000006c8980000, 0x000000076ab00000)
  object space 140800K, 78% used [0x00000006c0000000,0x00000006c6b66468,0x00000006c8980000)
 Metaspace       used 6535K, capacity 7280K, committed 7552K, reserved 1056768K
  class space    used 594K, capacity 616K, committed 640K, reserved 1048576K
Event: 8.232 GC heap after
Heap after GC invocations=14 (full 2):
 PSYoungGen      total 367104K, used 54768K [0x000000076ab00000, 0x0000000787100000, 0x00000007c0000000)
  eden space 312320K, 0% used [0x000000076ab00000,0x000000076ab00000,0x000000077dc00000)
  from space 54784K, 99% used [0x0000000781c00000,0x000000078517c038,0x0000000785180000)
  to   space 65536K, 0% used [0x000000077dc00000,0x000000077dc00000,0x0000000781c00000)
 ParOldGen       total 140800K, used 113002K [0x00000006c0000000, 0x00000006c8980000, 0x000000076ab00000)
  object space 140800K, 80% used [0x00000006c0000000,0x00000006c6e5a848,0x00000006c8980000)
 Metaspace       used 6535K, capacity 7280K, committed 7552K, reserved 1056768K
  class space    used 594K, capacity 616K, committed 640K, reserved 1048576K
}
Event: 8.232 GC heap before
{Heap before GC invocations=15 (full 3):
 PSYoungGen      total 367104K, used 54768K [0x000000076ab00000, 0x0000000787100000, 0x00000007c0000000)
  eden space 312320K, 0% used [0x000000076ab00000,0x000000076ab00000,0x000000077dc00000)
  from space 54784K, 99% used [0x0000000781c00000,0x000000078517c038,0x0000000785180000)
  to   space 65536K, 0% used [0x000000077dc00000,0x000000077dc00000,0x0000000781c00000)
 ParOldGen       total 140800K, used 113002K [0x00000006c0000000, 0x00000006c8980000, 0x000000076ab00000)
  object space 140800K, 80% used [0x00000006c0000000,0x00000006c6e5a848,0x00000006c8980000)
 Metaspace       used 6535K, capacity 7280K, committed 7552K, reserved 1056768K
  class space    used 594K, capacity 616K, committed 640K, reserved 1048576K
Event: 8.860 GC heap after
Heap after GC invocations=15 (full 3):
 PSYoungGen      total 367104K, used 22442K [0x000000076ab00000, 0x0000000787100000, 0x00000007c0000000)
  eden space 312320K, 0% used [0x000000076ab00000,0x000000076ab00000,0x000000077dc00000)
  from space 54784K, 40% used [0x0000000781c00000,0x00000007831ea988,0x0000000785180000)
  to   space 65536K, 0% used [0x000000077dc00000,0x000000077dc00000,0x0000000781c00000)
 ParOldGen       total 227840K, used 140676K [0x00000006c0000000, 0x00000006cde80000, 0x000000076ab00000)
  object space 227840K, 61% used [0x00000006c0000000,0x00000006c8961040,0x00000006cde80000)
 Metaspace       used 6535K, capacity 7280K, committed 7552K, reserved 1056768K
  class space    used 594K, capacity 616K, committed 640K, reserved 1048576K
}
Event: 9.893 GC heap before
{Heap before GC invocations=16 (full 3):
 PSYoungGen      total 367104K, used 334762K [0x000000076ab00000, 0x0000000787100000, 0x00000007c0000000)
  eden space 312320K, 100% used [0x000000076ab00000,0x000000077dc00000,0x000000077dc00000)
  from space 54784K, 40% used [0x0000000781c00000,0x00000007831ea988,0x0000000785180000)
  to   space 65536K, 0% used [0x000000077dc00000,0x000000077dc00000,0x0000000781c00000)
 ParOldGen       total 227840K, used 140676K [0x00000006c0000000, 0x00000006cde80000, 0x000000076ab00000)
  object space 227840K, 61% used [0x00000006c0000000,0x00000006c8961040,0x00000006cde80000)
 Metaspace       used 6542K, capacity 7280K, committed 7552K, reserved 1056768K
  class space    used 594K, capacity 616K, committed 640K, reserved 1048576K
Event: 10.030 GC heap after
Heap after GC invocations=16 (full 3):
 PSYoungGen      total 377856K, used 44164K [0x000000076ab00000, 0x000000078a100000, 0x00000007c0000000)
  eden space 312320K, 0% used [0x000000076ab00000,0x000000076ab00000,0x000000077dc00000)
  from space 65536K, 67% used [0x000000077dc00000,0x0000000780721290,0x0000000781c00000)
  to   space 69120K, 0% used [0x0000000785d80000,0x0000000785d80000,0x000000078a100000)
 ParOldGen       total 227840K, used 163324K [0x00000006c0000000, 0x00000006cde80000, 0x000000076ab00000)
  object space 227840K, 71% used [0x00000006c0000000,0x00000006c9f7f050,0x00000006cde80000)
 Metaspace       used 6542K, capacity 7280K, committed 7552K, reserved 1056768K
  class space    used 594K, capacity 616K, committed 640K, reserved 1048576K
}
Event: 11.289 GC heap before
{Heap before GC invocations=17 (full 3):
 PSYoungGen      total 377856K, used 356484K [0x000000076ab00000, 0x000000078a100000, 0x00000007c0000000)
  eden space 312320K, 100% used [0x000000076ab00000,0x000000077dc00000,0x000000077dc00000)
  from space 65536K, 67% used [0x000000077dc00000,0x0000000780721290,0x0000000781c00000)
  to   space 69120K, 0% used [0x0000000785d80000,0x0000000785d80000,0x000000078a100000)
 ParOldGen       total 227840K, used 163324K [0x00000006c0000000, 0x00000006cde80000, 0x000000076ab00000)
  object space 227840K, 71% used [0x00000006c0000000,0x00000006c9f7f050,0x00000006cde80000)
 Metaspace       used 6552K, capacity 7280K, committed 7552K, reserved 1056768K
  class space    used 594K, capacity 616K, committed 640K, reserved 1048576K

