# JRE version: OpenJDK Runtime Environment (8.0_76-b03) (build 1.8.0_76-release-b03)
# Java VM: OpenJDK 64-Bit Server VM (25.76-b03 mixed mode linux-amd64 compressed oops)
Heap:
 PSYoungGen      total 520192K, used 27498K [0x000000076ab00000, 0x0000000794980000, 0x00000007c0000000)
  eden space 408576K, 0% used [0x000000076ab00000,0x000000076ab00000,0x0000000783a00000)
  from space 111616K, 24% used [0x0000000783a00000,0x00000007854daa88,0x000000078a700000)
  to   space 114176K, 0% used [0x000000078da00000,0x000000078da00000,0x0000000794980000)
 ParOldGen       total 395776K, used 395538K [0x00000006c0000000, 0x00000006d8280000, 0x000000076ab00000)
  object space 395776K, 99% used [0x00000006c0000000,0x00000006d8244ad8,0x00000006d8280000)
 Metaspace       used 6546K, capacity 7280K, committed 7552K, reserved 1056768K
  class space    used 594K, capacity 616K, committed 640K, reserved 1048576K
GC Heap History (10 events):
Event: 11.443 GC heap after
Heap after GC invocations=17 (full 3):
 PSYoungGen      total 425472K, used 70631K [0x000000076ab00000, 0x000000078d000000, 0x00000007c0000000)
  eden space 354816K, 0% used [0x000000076ab00000,0x000000076ab00000,0x0000000780580000)
  from space 70656K, 99% used [0x0000000785e80000,0x000000078a379db0,0x000000078a380000)
  to   space 91136K, 0% used [0x0000000780580000,0x0000000780580000,0x0000000785e80000)
 ParOldGen       total 225280K, used 188401K [0x00000006c0000000, 0x00000006cdc00000, 0x000000076ab00000)
  object space 225280K, 83% used [0x00000006c0000000,0x00000006cb7fc418,0x00000006cdc00000)
 Metaspace       used 6538K, capacity 7280K, committed 7552K, reserved 1056768K
  class space    used 594K, capacity 616K, committed 640K, reserved 1048576K
}
Event: 12.831 GC heap before
{Heap before GC invocations=18 (full 3):
 PSYoungGen      total 425472K, used 425447K [0x000000076ab00000, 0x000000078d000000, 0x00000007c0000000)
  eden space 354816K, 100% used [0x000000076ab00000,0x0000000780580000,0x0000000780580000)
  from space 70656K, 99% used [0x0000000785e80000,0x000000078a379db0,0x000000078a380000)
  to   space 91136K, 0% used [0x0000000780580000,0x0000000780580000,0x0000000785e80000)
 ParOldGen       total 225280K, used 188401K [0x00000006c0000000, 0x00000006cdc00000, 0x000000076ab00000)
  object space 225280K, 83% used [0x00000006c0000000,0x00000006cb7fc418,0x00000006cdc00000)
 Metaspace       used 6544K, capacity 7280K, committed 7552K, reserved 1056768K
  class space    used 594K, capacity 616K, committed 640K, reserved 1048576K
Event: 13.064 GC heap after
Heap after GC invocations=18 (full 3):
 PSYoungGen      total 445952K, used 52941K [0x000000076ab00000, 0x0000000790180000, 0x00000007c0000000)
  eden space 354816K, 0% used [0x000000076ab00000,0x000000076ab00000,0x0000000780580000)
  from space 91136K, 58% used [0x0000000780580000,0x0000000783933520,0x0000000785e80000)
  to   space 92672K, 0% used [0x000000078a700000,0x000000078a700000,0x0000000790180000)
 ParOldGen       total 260096K, used 259188K [0x00000006c0000000, 0x00000006cfe00000, 0x000000076ab00000)
  object space 260096K, 99% used [0x00000006c0000000,0x00000006cfd1d290,0x00000006cfe00000)
 Metaspace       used 6544K, capacity 7280K, committed 7552K, reserved 1056768K
  class space    used 594K, capacity 616K, committed 640K, reserved 1048576K
}
Event: 13.064 GC heap before
{Heap before GC invocations=19 (full 4):
 PSYoungGen      total 445952K, used 52941K [0x000000076ab00000, 0x0000000790180000, 0x00000007c0000000)
  eden space 354816K, 0% used [0x000000076ab00000,0x000000076ab00000,0x0000000780580000)
  from space 91136K, 58% used [0x0000000780580000,0x0000000783933520,0x0000000785e80000)
  to   space 92672K, 0% used [0x000000078a700000,0x000000078a700000,0x0000000790180000)
 ParOldGen       total 260096K, used 259188K [0x00000006c0000000, 0x00000006cfe00000, 0x000000076ab00000)
  object space 260096K, 99% used [0x00000006c0000000,0x00000006cfd1d290,0x00000006cfe00000)
 Metaspace       used 6544K, capacity 7280K, committed 7552K, reserved 1056768K
  class space    used 594K, capacity 616K, committed 640K, reserved 1048576K
Event: 15.138 GC heap after
Heap after GC invocations=19 (full 4):
 PSYoungGen      total 445952K, used 46947K [0x000000076ab00000, 0x0000000790180000, 0x00000007c0000000)
  eden space 354816K, 0% used [0x000000076ab00000,0x000000076ab00000,0x0000000780580000)
  from space 91136K, 51% used [0x0000000780580000,0x0000000783358e08,0x0000000785e80000)
  to   space 92672K, 0% used [0x000000078a700000,0x000000078a700000,0x0000000790180000)
 ParOldGen       total 395776K, used 259951K [0x00000006c0000000, 0x00000006d8280000, 0x000000076ab00000)
  object space 395776K, 65% used [0x00000006c0000000,0x00000006cfddbde8,0x00000006d8280000)
 Metaspace       used 6544K, capacity 7280K, committed 7552K, reserved 1056768K
  class space    used 594K, capacity 616K, committed 640K, reserved 1048576K
}
Event: 16.427 GC heap before
{Heap before GC invocations=20 (full 4):
 PSYoungGen      total 445952K, used 401763K [0x000000076ab00000, 0x0000000790180000, 0x00000007c0000000)
  eden space 354816K, 100% used [0x000000076ab00000,0x0000000780580000,0x0000000780580000)
  from space 91136K, 51% used [0x0000000780580000,0x0000000783358e08,0x0000000785e80000)
  to   space 92672K, 0% used [0x000000078a700000,0x000000078a700000,0x0000000790180000)
 ParOldGen       total 395776K, used 259951K [0x00000006c0000000, 0x00000006d8280000, 0x000000076ab00000)
  object space 395776K, 65% used [0x00000006c0000000,0x00000006cfddbde8,0x00000006d8280000)
 Metaspace       used 6546K, capacity 7280K, committed 7552K, reserved 1056768K
  class space    used 594K, capacity 616K, committed 640K, reserved 1048576K
Event: 16.657 GC heap after
Heap after GC invocations=20 (full 4):
 PSYoungGen      total 501248K, used 92666K [0x000000076ab00000, 0x0000000791d00000, 0x00000007c0000000)
  eden space 408576K, 0% used [0x000000076ab00000,0x000000076ab00000,0x0000000783a00000)
  from space 92672K, 99% used [0x000000078a700000,0x000000079017e8a0,0x0000000790180000)
  to   space 111616K, 0% used [0x0000000783a00000,0x0000000783a00000,0x000000078a700000)
 ParOldGen       total 395776K, used 267512K [0x00000006c0000000, 0x00000006d8280000, 0x000000076ab00000)
  object space 395776K, 67% used [0x00000006c0000000,0x00000006d053e0a8,0x00000006d8280000)
 Metaspace       used 6546K, capacity 7280K, committed 7552K, reserved 1056768K
  class space    used 594K, capacity 616K, committed 640K, reserved 1048576K
}
Event: 18.172 GC heap before
{Heap before GC invocations=21 (full 4):
 PSYoungGen      total 501248K, used 501242K [0x000000076ab00000, 0x0000000791d00000, 0x00000007c0000000)
  eden space 408576K, 100% used [0x000000076ab00000,0x0000000783a00000,0x0000000783a00000)
  from space 92672K, 99% used [0x000000078a700000,0x000000079017e8a0,0x0000000790180000)
  to   space 111616K, 0% used [0x0000000783a00000,0x0000000783a00000,0x000000078a700000)
 ParOldGen       total 395776K, used 267512K [0x00000006c0000000, 0x00000006d8280000, 0x000000076ab00000)
  object space 395776K, 67% used [0x00000006c0000000,0x00000006d053e0a8,0x00000006d8280000)
 Metaspace       used 6546K, capacity 7280K, committed 7552K, reserved 1056768K
  class space    used 594K, capacity 616K, committed 640K, reserved 1048576K
Event: 18.378 GC heap after
Heap after GC invocations=21 (full 4):
 PSYoungGen      total 520192K, used 67165K [0x000000076ab00000, 0x0000000794980000, 0x00000007c0000000)
  eden space 408576K, 0% used [0x000000076ab00000,0x000000076ab00000,0x0000000783a00000)
  from space 111616K, 60% used [0x0000000783a00000,0x0000000787b976b0,0x000000078a700000)
  to   space 114176K, 0% used [0x000000078da00000,0x000000078da00000,0x0000000794980000)
 ParOldGen       total 395776K, used 360648K [0x00000006c0000000, 0x00000006d8280000, 0x000000076ab00000)
  object space 395776K, 91% used [0x00000006c0000000,0x00000006d6032128,0x00000006d8280000)
 Metaspace       used 6546K, capacity 7280K, committed 7552K, reserved 1056768K
  class space    used 594K, capacity 616K, committed 640K, reserved 1048576K
}
Event: 18.378 GC heap before
{Heap before GC invocations=22 (full 5):
 PSYoungGen      total 520192K, used 67165K [0x000000076ab00000, 0x0000000794980000, 0x00000007c0000000)
  eden space 408576K, 0% used [0x000000076ab00000,0x000000076ab00000,0x0000000783a00000)
  from space 111616K, 60% used [0x0000000783a00000,0x0000000787b976b0,0x000000078a700000)
  to   space 114176K, 0% used [0x000000078da00000,0x000000078da00000,0x0000000794980000)
 ParOldGen       total 395776K, used 360648K [0x00000006c0000000, 0x00000006d8280000, 0x000000076ab00000)
  object space 395776K, 91% used [0x00000006c0000000,0x00000006d6032128,0x00000006d8280000)
 Metaspace       used 6546K, capacity 7280K, committed 7552K, reserved 1056768K
  class space    used 594K, capacity 616K, committed 640K, reserved 1048576K

