# JRE version: OpenJDK Runtime Environment (8.0_76-b03) (build 1.8.0_76-release-b03)
# Java VM: OpenJDK 64-Bit Server VM (25.76-b03 mixed mode linux-amd64 compressed oops)
Heap:
 PSYoungGen      total 433152K, used 53250K [0x000000076ab00000, 0x000000078b300000, 0x00000007c0000000)
  eden space 347648K, 0% used [0x000000076ab00000,0x000000076ab00000,0x000000077fe80000)
  from space 85504K, 62% used [0x000000077fe80000,0x00000007832808c8,0x0000000785200000)
  to   space 68096K, 0% used [0x0000000785200000,0x0000000785200000,0x0000000789480000)
 ParOldGen       total 272384K, used 251189K [0x00000006c0000000, 0x00000006d0a00000, 0x000000076ab00000)
  object space 272384K, 92% used [0x00000006c0000000,0x00000006cf54d6d0,0x00000006d0a00000)
 Metaspace       used 6563K, capacity 7280K, committed 7552K, reserved 1056768K
  class space    used 594K, capacity 616K, committed 640K, reserved 1048576K
GC Heap History (10 events):
Event: 7.035 GC heap after
Heap after GC invocations=13 (full 2):
 PSYoungGen      total 316928K, used 35704K [0x000000076ab00000, 0x0000000784600000, 0x00000007c0000000)
  eden space 265728K, 0% used [0x000000076ab00000,0x000000076ab00000,0x000000077ae80000)
  from space 51200K, 69% used [0x000000077ae80000,0x000000077d15e098,0x000000077e080000)
  to   space 54784K, 0% used [0x0000000781080000,0x0000000781080000,0x0000000784600000)
 ParOldGen       total 142336K, used 110565K [0x00000006c0000000, 0x00000006c8b00000, 0x000000076ab00000)
  object space 142336K, 77% used [0x00000006c0000000,0x00000006c6bf9538,0x00000006c8b00000)
 Metaspace       used 6521K, capacity 7280K, committed 7552K, reserved 1056768K
  class space    used 594K, capacity 616K, committed 640K, reserved 1048576K
}
Event: 7.583 GC heap before
{Heap before GC invocations=14 (full 2):
 PSYoungGen      total 316928K, used 301432K [0x000000076ab00000, 0x0000000784600000, 0x00000007c0000000)
  eden space 265728K, 100% used [0x000000076ab00000,0x000000077ae80000,0x000000077ae80000)
  from space 51200K, 69% used [0x000000077ae80000,0x000000077d15e098,0x000000077e080000)
  to   space 54784K, 0% used [0x0000000781080000,0x0000000781080000,0x0000000784600000)
 ParOldGen       total 142336K, used 110565K [0x00000006c0000000, 0x00000006c8b00000, 0x000000076ab00000)
  object space 142336K, 77% used [0x00000006c0000000,0x00000006c6bf9538,0x00000006c8b00000)
 Metaspace       used 6543K, capacity 7280K, committed 7552K, reserved 1056768K
  class space    used 594K, capacity 616K, committed 640K, reserved 1048576K
Event: 7.674 GC heap after
Heap after GC invocations=14 (full 2):
 PSYoungGen      total 355840K, used 54766K [0x000000076ab00000, 0x0000000786100000, 0x00000007c0000000)
  eden space 301056K, 0% used [0x000000076ab00000,0x000000076ab00000,0x000000077d100000)
  from space 54784K, 99% used [0x0000000781080000,0x00000007845fb808,0x0000000784600000)
  to   space 65024K, 0% used [0x000000077d100000,0x000000077d100000,0x0000000781080000)
 ParOldGen       total 142336K, used 113106K [0x00000006c0000000, 0x00000006c8b00000, 0x000000076ab00000)
  object space 142336K, 79% used [0x00000006c0000000,0x00000006c6e74828,0x00000006c8b00000)
 Metaspace       used 6543K, capacity 7280K, committed 7552K, reserved 1056768K
  class space    used 594K, capacity 616K, committed 640K, reserved 1048576K
}
Event: 8.744 GC heap before
{Heap before GC invocations=15 (full 2):
 PSYoungGen      total 355840K, used 355822K [0x000000076ab00000, 0x0000000786100000, 0x00000007c0000000)
  eden space 301056K, 100% used [0x000000076ab00000,0x000000077d100000,0x000000077d100000)
  from space 54784K, 99% used [0x0000000781080000,0x00000007845fb808,0x0000000784600000)
  to   space 65024K, 0% used [0x000000077d100000,0x000000077d100000,0x0000000781080000)
 ParOldGen       total 142336K, used 113106K [0x00000006c0000000, 0x00000006c8b00000, 0x000000076ab00000)
  object space 142336K, 79% used [0x00000006c0000000,0x00000006c6e74828,0x00000006c8b00000)
 Metaspace       used 6547K, capacity 7280K, committed 7552K, reserved 1056768K
  class space    used 594K, capacity 616K, committed 640K, reserved 1048576K
Event: 8.903 GC heap after
Heap after GC invocations=15 (full 2):
 PSYoungGen      total 366080K, used 43178K [0x000000076ab00000, 0x0000000789480000, 0x00000007c0000000)
  eden space 301056K, 0% used [0x000000076ab00000,0x000000076ab00000,0x000000077d100000)
  from space 65024K, 66% used [0x000000077d100000,0x000000077fb2ab50,0x0000000781080000)
  to   space 68096K, 0% used [0x0000000785200000,0x0000000785200000,0x0000000789480000)
 ParOldGen       total 168448K, used 168091K [0x00000006c0000000, 0x00000006ca480000, 0x000000076ab00000)
  object space 168448K, 99% used [0x00000006c0000000,0x00000006ca426e38,0x00000006ca480000)
 Metaspace       used 6547K, capacity 7280K, committed 7552K, reserved 1056768K
  class space    used 594K, capacity 616K, committed 640K, reserved 1048576K
}
Event: 8.903 GC heap before
{Heap before GC invocations=16 (full 3):
 PSYoungGen      total 366080K, used 43178K [0x000000076ab00000, 0x0000000789480000, 0x00000007c0000000)
  eden space 301056K, 0% used [0x000000076ab00000,0x000000076ab00000,0x000000077d100000)
  from space 65024K, 66% used [0x000000077d100000,0x000000077fb2ab50,0x0000000781080000)
  to   space 68096K, 0% used [0x0000000785200000,0x0000000785200000,0x0000000789480000)
 ParOldGen       total 168448K, used 168091K [0x00000006c0000000, 0x00000006ca480000, 0x000000076ab00000)
  object space 168448K, 99% used [0x00000006c0000000,0x00000006ca426e38,0x00000006ca480000)
 Metaspace       used 6547K, capacity 7280K, committed 7552K, reserved 1056768K
  class space    used 594K, capacity 616K, committed 640K, reserved 1048576K
Event: 9.765 GC heap after
Heap after GC invocations=16 (full 3):
 PSYoungGen      total 366080K, used 37269K [0x000000076ab00000, 0x0000000789480000, 0x00000007c0000000)
  eden space 301056K, 0% used [0x000000076ab00000,0x000000076ab00000,0x000000077d100000)
  from space 65024K, 57% used [0x000000077d100000,0x000000077f565410,0x0000000781080000)
  to   space 68096K, 0% used [0x0000000785200000,0x0000000785200000,0x0000000789480000)
 ParOldGen       total 272384K, used 168083K [0x00000006c0000000, 0x00000006d0a00000, 0x000000076ab00000)
  object space 272384K, 61% used [0x00000006c0000000,0x00000006ca424c18,0x00000006d0a00000)
 Metaspace       used 6547K, capacity 7280K, committed 7552K, reserved 1056768K
  class space    used 594K, capacity 616K, committed 640K, reserved 1048576K
}
Event: 10.924 GC heap before
{Heap before GC invocations=17 (full 3):
 PSYoungGen      total 366080K, used 338325K [0x000000076ab00000, 0x0000000789480000, 0x00000007c0000000)
  eden space 301056K, 100% used [0x000000076ab00000,0x000000077d100000,0x000000077d100000)
  from space 65024K, 57% used [0x000000077d100000,0x000000077f565410,0x0000000781080000)
  to   space 68096K, 0% used [0x0000000785200000,0x0000000785200000,0x0000000789480000)
 ParOldGen       total 272384K, used 168083K [0x00000006c0000000, 0x00000006d0a00000, 0x000000076ab00000)
  object space 272384K, 61% used [0x00000006c0000000,0x00000006ca424c18,0x00000006d0a00000)
 Metaspace       used 6558K, capacity 7280K, committed 7552K, reserved 1056768K
  class space    used 594K, capacity 616K, committed 640K, reserved 1048576K
Event: 11.136 GC heap after
Heap after GC invocations=17 (full 3):
 PSYoungGen      total 415744K, used 68074K [0x000000076ab00000, 0x000000078b300000, 0x00000007c0000000)
  eden space 347648K, 0% used [0x000000076ab00000,0x000000076ab00000,0x000000077fe80000)
  from space 68096K, 99% used [0x0000000785200000,0x000000078947a810,0x0000000789480000)
  to   space 85504K, 0% used [0x000000077fe80000,0x000000077fe80000,0x0000000785200000)
 ParOldGen       total 272384K, used 182935K [0x00000006c0000000, 0x00000006d0a00000, 0x000000076ab00000)
  object space 272384K, 67% used [0x00000006c0000000,0x00000006cb2a5d68,0x00000006d0a00000)
 Metaspace       used 6558K, capacity 7280K, committed 7552K, reserved 1056768K
  class space    used 594K, capacity 616K, committed 640K, reserved 1048576K
}
Event: 12.483 GC heap before
{Heap before GC invocations=18 (full 3):
 PSYoungGen      total 415744K, used 415722K [0x000000076ab00000, 0x000000078b300000, 0x00000007c0000000)
  eden space 347648K, 100% used [0x000000076ab00000,0x000000077fe80000,0x000000077fe80000)
  from space 68096K, 99% used [0x0000000785200000,0x000000078947a810,0x0000000789480000)
  to   space 85504K, 0% used [0x000000077fe80000,0x000000077fe80000,0x0000000785200000)
 ParOldGen       total 272384K, used 182935K [0x00000006c0000000, 0x00000006d0a00000, 0x000000076ab00000)
  object space 272384K, 67% used [0x00000006c0000000,0x00000006cb2a5d68,0x00000006d0a00000)
 Metaspace       used 6563K, capacity 7280K, committed 7552K, reserved 1056768K
  class space    used 594K, capacity 616K, committed 640K, reserved 1048576K

