# JRE version: OpenJDK Runtime Environment (8.0_76-b03) (build 1.8.0_76-release-b03)
# Java VM: OpenJDK 64-Bit Server VM (25.76-b03 mixed mode linux-amd64 compressed oops)
Heap:
 PSYoungGen      total 135168K, used 20990K [0x000000076ab00000, 0x0000000774a00000, 0x00000007c0000000)
  eden space 114176K, 0% used [0x000000076ab00000,0x000000076ab00000,0x0000000771a80000)
  from space 20992K, 99% used [0x0000000771a80000,0x0000000772effaa8,0x0000000772f00000)
  to   space 14336K, 0% used [0x0000000772f00000,0x0000000772f00000,0x0000000773d00000)
 ParOldGen       total 40960K, used 39436K [0x00000006c0000000, 0x00000006c2800000, 0x000000076ab00000)
  object space 40960K, 96% used [0x00000006c0000000,0x00000006c2683070,0x00000006c2800000)
 Metaspace       used 6208K, capacity 7152K, committed 7296K, reserved 1056768K
  class space    used 572K, capacity 616K, committed 640K, reserved 1048576K
GC Heap History (10 events):
Event: 4.839 GC heap after
Heap after GC invocations=4 (full 0):
 PSYoungGen      total 33280K, used 2528K [0x000000076ab00000, 0x000000076ce00000, 0x00000007c0000000)
  eden space 30720K, 0% used [0x000000076ab00000,0x000000076ab00000,0x000000076c900000)
  from space 2560K, 98% used [0x000000076cb80000,0x000000076cdf8018,0x000000076ce00000)
  to   space 2560K, 0% used [0x000000076c900000,0x000000076c900000,0x000000076cb80000)
 ParOldGen       total 40960K, used 6033K [0x00000006c0000000, 0x00000006c2800000, 0x000000076ab00000)
  object space 40960K, 14% used [0x00000006c0000000,0x00000006c05e4730,0x00000006c2800000)
 Metaspace       used 5703K, capacity 6768K, committed 7040K, reserved 1056768K
  class space    used 565K, capacity 616K, committed 640K, reserved 1048576K
}
Event: 5.972 GC heap before
{Heap before GC invocations=5 (full 0):
 PSYoungGen      total 33280K, used 33248K [0x000000076ab00000, 0x000000076ce00000, 0x00000007c0000000)
  eden space 30720K, 100% used [0x000000076ab00000,0x000000076c900000,0x000000076c900000)
  from space 2560K, 98% used [0x000000076cb80000,0x000000076cdf8018,0x000000076ce00000)
  to   space 2560K, 0% used [0x000000076c900000,0x000000076c900000,0x000000076cb80000)
 ParOldGen       total 40960K, used 6033K [0x00000006c0000000, 0x00000006c2800000, 0x000000076ab00000)
  object space 40960K, 14% used [0x00000006c0000000,0x00000006c05e4730,0x00000006c2800000)
 Metaspace       used 5813K, capacity 6832K, committed 7040K, reserved 1056768K
  class space    used 570K, capacity 616K, committed 640K, reserved 1048576K
Event: 6.037 GC heap after
Heap after GC invocations=5 (full 0):
 PSYoungGen      total 33280K, used 2557K [0x000000076ab00000, 0x000000076f700000, 0x00000007c0000000)
  eden space 30720K, 0% used [0x000000076ab00000,0x000000076ab00000,0x000000076c900000)
  from space 2560K, 99% used [0x000000076c900000,0x000000076cb7f778,0x000000076cb80000)
  to   space 8192K, 0% used [0x000000076ef00000,0x000000076ef00000,0x000000076f700000)
 ParOldGen       total 40960K, used 11235K [0x00000006c0000000, 0x00000006c2800000, 0x000000076ab00000)
  object space 40960K, 27% used [0x00000006c0000000,0x00000006c0af8db8,0x00000006c2800000)
 Metaspace       used 5813K, capacity 6832K, committed 7040K, reserved 1056768K
  class space    used 570K, capacity 616K, committed 640K, reserved 1048576K
}
Event: 6.603 GC heap before
{Heap before GC invocations=6 (full 0):
 PSYoungGen      total 33280K, used 33277K [0x000000076ab00000, 0x000000076f700000, 0x00000007c0000000)
  eden space 30720K, 100% used [0x000000076ab00000,0x000000076c900000,0x000000076c900000)
  from space 2560K, 99% used [0x000000076c900000,0x000000076cb7f778,0x000000076cb80000)
  to   space 8192K, 0% used [0x000000076ef00000,0x000000076ef00000,0x000000076f700000)
 ParOldGen       total 40960K, used 11235K [0x00000006c0000000, 0x00000006c2800000, 0x000000076ab00000)
  object space 40960K, 27% used [0x00000006c0000000,0x00000006c0af8db8,0x00000006c2800000)
 Metaspace       used 5879K, capacity 6896K, committed 7040K, reserved 1056768K
  class space    used 570K, capacity 616K, committed 640K, reserved 1048576K
Event: 6.734 GC heap after
Heap after GC invocations=6 (full 0):
 PSYoungGen      total 68608K, used 7677K [0x000000076ab00000, 0x000000076f900000, 0x00000007c0000000)
  eden space 60416K, 0% used [0x000000076ab00000,0x000000076ab00000,0x000000076e600000)
  from space 8192K, 93% used [0x000000076ef00000,0x000000076f67f778,0x000000076f700000)
  to   space 9216K, 0% used [0x000000076e600000,0x000000076e600000,0x000000076ef00000)
 ParOldGen       total 40960K, used 11235K [0x00000006c0000000, 0x00000006c2800000, 0x000000076ab00000)
  object space 40960K, 27% used [0x00000006c0000000,0x00000006c0af8db8,0x00000006c2800000)
 Metaspace       used 5879K, capacity 6896K, committed 7040K, reserved 1056768K
  class space    used 570K, capacity 616K, committed 640K, reserved 1048576K
}
Event: 8.539 GC heap before
{Heap before GC invocations=7 (full 0):
 PSYoungGen      total 68608K, used 68093K [0x000000076ab00000, 0x000000076f900000, 0x00000007c0000000)
  eden space 60416K, 100% used [0x000000076ab00000,0x000000076e600000,0x000000076e600000)
  from space 8192K, 93% used [0x000000076ef00000,0x000000076f67f778,0x000000076f700000)
  to   space 9216K, 0% used [0x000000076e600000,0x000000076e600000,0x000000076ef00000)
 ParOldGen       total 40960K, used 11235K [0x00000006c0000000, 0x00000006c2800000, 0x000000076ab00000)
  object space 40960K, 27% used [0x00000006c0000000,0x00000006c0af8db8,0x00000006c2800000)
 Metaspace       used 5915K, capacity 6960K, committed 7040K, reserved 1056768K
  class space    used 571K, capacity 616K, committed 640K, reserved 1048576K
Event: 9.008 GC heap after
Heap after GC invocations=7 (full 0):
 PSYoungGen      total 69632K, used 9211K [0x000000076ab00000, 0x0000000773d00000, 0x00000007c0000000)
  eden space 60416K, 0% used [0x000000076ab00000,0x000000076ab00000,0x000000076e600000)
  from space 9216K, 99% used [0x000000076e600000,0x000000076eefec08,0x000000076ef00000)
  to   space 14336K, 0% used [0x0000000772f00000,0x0000000772f00000,0x0000000773d00000)
 ParOldGen       total 40960K, used 18817K [0x00000006c0000000, 0x00000006c2800000, 0x000000076ab00000)
  object space 40960K, 45% used [0x00000006c0000000,0x00000006c12607e0,0x00000006c2800000)
 Metaspace       used 5915K, capacity 6960K, committed 7040K, reserved 1056768K
  class space    used 571K, capacity 616K, committed 640K, reserved 1048576K
}
Event: 9.610 GC heap before
{Heap before GC invocations=8 (full 0):
 PSYoungGen      total 69632K, used 69627K [0x000000076ab00000, 0x0000000773d00000, 0x00000007c0000000)
  eden space 60416K, 100% used [0x000000076ab00000,0x000000076e600000,0x000000076e600000)
  from space 9216K, 99% used [0x000000076e600000,0x000000076eefec08,0x000000076ef00000)
  to   space 14336K, 0% used [0x0000000772f00000,0x0000000772f00000,0x0000000773d00000)
 ParOldGen       total 40960K, used 18817K [0x00000006c0000000, 0x00000006c2800000, 0x000000076ab00000)
  object space 40960K, 45% used [0x00000006c0000000,0x00000006c12607e0,0x00000006c2800000)
 Metaspace       used 5920K, capacity 6960K, committed 7040K, reserved 1056768K
  class space    used 572K, capacity 616K, committed 640K, reserved 1048576K
Event: 10.126 GC heap after
Heap after GC invocations=8 (full 0):
 PSYoungGen      total 128512K, used 14314K [0x000000076ab00000, 0x0000000774a00000, 0x00000007c0000000)
  eden space 114176K, 0% used [0x000000076ab00000,0x000000076ab00000,0x0000000771a80000)
  from space 14336K, 99% used [0x0000000772f00000,0x0000000773cfabf8,0x0000000773d00000)
  to   space 20992K, 0% used [0x0000000771a80000,0x0000000771a80000,0x0000000772f00000)
 ParOldGen       total 40960K, used 27776K [0x00000006c0000000, 0x00000006c2800000, 0x000000076ab00000)
  object space 40960K, 67% used [0x00000006c0000000,0x00000006c1b20278,0x00000006c2800000)
 Metaspace       used 5920K, capacity 6960K, committed 7040K, reserved 1056768K
  class space    used 572K, capacity 616K, committed 640K, reserved 1048576K
}
Event: 13.684 GC heap before
{Heap before GC invocations=9 (full 0):
 PSYoungGen      total 128512K, used 128490K [0x000000076ab00000, 0x0000000774a00000, 0x00000007c0000000)
  eden space 114176K, 100% used [0x000000076ab00000,0x0000000771a80000,0x0000000771a80000)
  from space 14336K, 99% used [0x0000000772f00000,0x0000000773cfabf8,0x0000000773d00000)
  to   space 20992K, 0% used [0x0000000771a80000,0x0000000771a80000,0x0000000772f00000)
 ParOldGen       total 40960K, used 27776K [0x00000006c0000000, 0x00000006c2800000, 0x000000076ab00000)
  object space 40960K, 67% used [0x00000006c0000000,0x00000006c1b20278,0x00000006c2800000)
 Metaspace       used 6208K, capacity 7152K, committed 7296K, reserved 1056768K
  class space    used 572K, capacity 616K, committed 640K, reserved 1048576K

