# JRE version: OpenJDK Runtime Environment (8.0_76-b03) (build 1.8.0_76-release-b03)
# Java VM: OpenJDK 64-Bit Server VM (25.76-b03 mixed mode linux-amd64 compressed oops)
Heap:
 PSYoungGen      total 549888K, used 133687K [0x000000076ab00000, 0x000000079dc80000, 0x00000007c0000000)
  eden space 409600K, 0% used [0x000000076ab00000,0x000000076ab00000,0x0000000783b00000)
  from space 140288K, 95% used [0x0000000783b00000,0x000000078bd8dc60,0x000000078c400000)
  to   space 191488K, 0% used [0x0000000792180000,0x0000000792180000,0x000000079dc80000)
 ParOldGen       total 425984K, used 425510K [0x00000006c0000000, 0x00000006da000000, 0x000000076ab00000)
  object space 425984K, 99% used [0x00000006c0000000,0x00000006d9f899a8,0x00000006da000000)
 Metaspace       used 6567K, capacity 7280K, committed 7552K, reserved 1056768K
  class space    used 595K, capacity 616K, committed 640K, reserved 1048576K
GC Heap History (10 events):
Event: 15.398 GC heap after
Heap after GC invocations=19 (full 4):
 PSYoungGen      total 420864K, used 22015K [0x000000076ab00000, 0x000000078d800000, 0x00000007c0000000)
  eden space 336384K, 0% used [0x000000076ab00000,0x000000076ab00000,0x000000077f380000)
  from space 84480K, 26% used [0x000000077f380000,0x00000007808ffee0,0x0000000784600000)
  to   space 86016K, 0% used [0x0000000788400000,0x0000000788400000,0x000000078d800000)
 ParOldGen       total 425472K, used 276363K [0x00000006c0000000, 0x00000006d9f80000, 0x000000076ab00000)
  object space 425472K, 64% used [0x00000006c0000000,0x00000006d0de2cc8,0x00000006d9f80000)
 Metaspace       used 6553K, capacity 7280K, committed 7552K, reserved 1056768K
  class space    used 594K, capacity 616K, committed 640K, reserved 1048576K
}
Event: 16.676 GC heap before
{Heap before GC invocations=20 (full 4):
 PSYoungGen      total 420864K, used 358399K [0x000000076ab00000, 0x000000078d800000, 0x00000007c0000000)
  eden space 336384K, 100% used [0x000000076ab00000,0x000000077f380000,0x000000077f380000)
  from space 84480K, 26% used [0x000000077f380000,0x00000007808ffee0,0x0000000784600000)
  to   space 86016K, 0% used [0x0000000788400000,0x0000000788400000,0x000000078d800000)
 ParOldGen       total 425472K, used 276363K [0x00000006c0000000, 0x00000006d9f80000, 0x000000076ab00000)
  object space 425472K, 64% used [0x00000006c0000000,0x00000006d0de2cc8,0x00000006d9f80000)
 Metaspace       used 6554K, capacity 7280K, committed 7552K, reserved 1056768K
  class space    used 594K, capacity 616K, committed 640K, reserved 1048576K
Event: 16.880 GC heap after
Heap after GC invocations=20 (full 4):
 PSYoungGen      total 472576K, used 72925K [0x000000076ab00000, 0x000000078df80000, 0x00000007c0000000)
  eden space 386560K, 0% used [0x000000076ab00000,0x000000076ab00000,0x0000000782480000)
  from space 86016K, 84% used [0x0000000788400000,0x000000078cb37778,0x000000078d800000)
  to   space 95744K, 0% used [0x0000000782480000,0x0000000782480000,0x0000000788200000)
 ParOldGen       total 425472K, used 276371K [0x00000006c0000000, 0x00000006d9f80000, 0x000000076ab00000)
  object space 425472K, 64% used [0x00000006c0000000,0x00000006d0de4cc8,0x00000006d9f80000)
 Metaspace       used 6554K, capacity 7280K, committed 7552K, reserved 1056768K
  class space    used 594K, capacity 616K, committed 640K, reserved 1048576K
}
Event: 18.317 GC heap before
{Heap before GC invocations=21 (full 4):
 PSYoungGen      total 472576K, used 459485K [0x000000076ab00000, 0x000000078df80000, 0x00000007c0000000)
  eden space 386560K, 100% used [0x000000076ab00000,0x0000000782480000,0x0000000782480000)
  from space 86016K, 84% used [0x0000000788400000,0x000000078cb37778,0x000000078d800000)
  to   space 95744K, 0% used [0x0000000782480000,0x0000000782480000,0x0000000788200000)
 ParOldGen       total 425472K, used 276371K [0x00000006c0000000, 0x00000006d9f80000, 0x000000076ab00000)
  object space 425472K, 64% used [0x00000006c0000000,0x00000006d0de4cc8,0x00000006d9f80000)
 Metaspace       used 6554K, capacity 7280K, committed 7552K, reserved 1056768K
  class space    used 594K, capacity 616K, committed 640K, reserved 1048576K
Event: 18.477 GC heap after
Heap after GC invocations=21 (full 4):
 PSYoungGen      total 482304K, used 95721K [0x000000076ab00000, 0x0000000793d80000, 0x00000007c0000000)
  eden space 386560K, 0% used [0x000000076ab00000,0x000000076ab00000,0x0000000782480000)
  from space 95744K, 99% used [0x0000000782480000,0x00000007881fa650,0x0000000788200000)
  to   space 124416K, 0% used [0x000000078c400000,0x000000078c400000,0x0000000793d80000)
 ParOldGen       total 425472K, used 310506K [0x00000006c0000000, 0x00000006d9f80000, 0x000000076ab00000)
  object space 425472K, 72% used [0x00000006c0000000,0x00000006d2f3a9a0,0x00000006d9f80000)
 Metaspace       used 6554K, capacity 7280K, committed 7552K, reserved 1056768K
  class space    used 594K, capacity 616K, committed 640K, reserved 1048576K
}
Event: 19.894 GC heap before
{Heap before GC invocations=22 (full 4):
 PSYoungGen      total 482304K, used 482281K [0x000000076ab00000, 0x0000000793d80000, 0x00000007c0000000)
  eden space 386560K, 100% used [0x000000076ab00000,0x0000000782480000,0x0000000782480000)
  from space 95744K, 99% used [0x0000000782480000,0x00000007881fa650,0x0000000788200000)
  to   space 124416K, 0% used [0x000000078c400000,0x000000078c400000,0x0000000793d80000)
 ParOldGen       total 425472K, used 310506K [0x00000006c0000000, 0x00000006d9f80000, 0x000000076ab00000)
  object space 425472K, 72% used [0x00000006c0000000,0x00000006d2f3a9a0,0x00000006d9f80000)
 Metaspace       used 6565K, capacity 7280K, committed 7552K, reserved 1056768K
  class space    used 595K, capacity 616K, committed 640K, reserved 1048576K
Event: 20.169 GC heap after
Heap after GC invocations=22 (full 4):
 PSYoungGen      total 534016K, used 110910K [0x000000076ab00000, 0x0000000796100000, 0x00000007c0000000)
  eden space 409600K, 0% used [0x000000076ab00000,0x000000076ab00000,0x0000000783b00000)
  from space 124416K, 89% used [0x000000078c400000,0x000000079304faf0,0x0000000793d80000)
  to   space 140288K, 0% used [0x0000000783b00000,0x0000000783b00000,0x000000078c400000)
 ParOldGen       total 425472K, used 352230K [0x00000006c0000000, 0x00000006d9f80000, 0x000000076ab00000)
  object space 425472K, 82% used [0x00000006c0000000,0x00000006d57f9b90,0x00000006d9f80000)
 Metaspace       used 6565K, capacity 7280K, committed 7552K, reserved 1056768K
  class space    used 595K, capacity 616K, committed 640K, reserved 1048576K
}
Event: 22.884 GC heap before
{Heap before GC invocations=23 (full 4):
 PSYoungGen      total 534016K, used 520510K [0x000000076ab00000, 0x0000000796100000, 0x00000007c0000000)
  eden space 409600K, 100% used [0x000000076ab00000,0x0000000783b00000,0x0000000783b00000)
  from space 124416K, 89% used [0x000000078c400000,0x000000079304faf0,0x0000000793d80000)
  to   space 140288K, 0% used [0x0000000783b00000,0x0000000783b00000,0x000000078c400000)
 ParOldGen       total 425472K, used 352230K [0x00000006c0000000, 0x00000006d9f80000, 0x000000076ab00000)
  object space 425472K, 82% used [0x00000006c0000000,0x00000006d57f9b90,0x00000006d9f80000)
 Metaspace       used 6567K, capacity 7280K, committed 7552K, reserved 1056768K
  class space    used 595K, capacity 616K, committed 640K, reserved 1048576K
Event: 23.158 GC heap after
Heap after GC invocations=23 (full 4):
 PSYoungGen      total 549888K, used 140281K [0x000000076ab00000, 0x000000079dc80000, 0x00000007c0000000)
  eden space 409600K, 0% used [0x000000076ab00000,0x000000076ab00000,0x0000000783b00000)
  from space 140288K, 99% used [0x0000000783b00000,0x000000078c3fe578,0x000000078c400000)
  to   space 191488K, 0% used [0x0000000792180000,0x0000000792180000,0x000000079dc80000)
 ParOldGen       total 425984K, used 425778K [0x00000006c0000000, 0x00000006da000000, 0x000000076ab00000)
  object space 425984K, 99% used [0x00000006c0000000,0x00000006d9fcc910,0x00000006da000000)
 Metaspace       used 6567K, capacity 7280K, committed 7552K, reserved 1056768K
  class space    used 595K, capacity 616K, committed 640K, reserved 1048576K
}
Event: 23.158 GC heap before
{Heap before GC invocations=24 (full 5):
 PSYoungGen      total 549888K, used 140281K [0x000000076ab00000, 0x000000079dc80000, 0x00000007c0000000)
  eden space 409600K, 0% used [0x000000076ab00000,0x000000076ab00000,0x0000000783b00000)
  from space 140288K, 99% used [0x0000000783b00000,0x000000078c3fe578,0x000000078c400000)
  to   space 191488K, 0% used [0x0000000792180000,0x0000000792180000,0x000000079dc80000)
 ParOldGen       total 425984K, used 425778K [0x00000006c0000000, 0x00000006da000000, 0x000000076ab00000)
  object space 425984K, 99% used [0x00000006c0000000,0x00000006d9fcc910,0x00000006da000000)
 Metaspace       used 6567K, capacity 7280K, committed 7552K, reserved 1056768K
  class space    used 595K, capacity 616K, committed 640K, reserved 1048576K

