# JRE version: OpenJDK Runtime Environment (8.0_76-b03) (build 1.8.0_76-release-b03)
# Java VM: OpenJDK 64-Bit Server VM (25.76-b03 mixed mode linux-amd64 compressed oops)
Heap:
 PSYoungGen      total 548864K, used 112124K [0x000000076ab00000, 0x0000000793200000, 0x00000007c0000000)
  eden space 436736K, 0% used [0x000000076ab00000,0x000000076ab00000,0x0000000785580000)
  from space 112128K, 99% used [0x0000000785580000,0x000000078c2ff3d8,0x000000078c300000)
  to   space 107520K, 0% used [0x000000078c300000,0x000000078c300000,0x0000000792c00000)
 ParOldGen       total 572928K, used 474078K [0x00000006c0000000, 0x00000006e2f80000, 0x000000076ab00000)
  object space 572928K, 82% used [0x00000006c0000000,0x00000006dcef7978,0x00000006e2f80000)
 Metaspace       used 6563K, capacity 7280K, committed 7552K, reserved 1056768K
  class space    used 596K, capacity 616K, committed 640K, reserved 1048576K
GC Heap History (10 events):
Event: 15.022 GC heap after
Heap after GC invocations=19 (full 4):
 PSYoungGen      total 435200K, used 44365K [0x000000076ab00000, 0x000000078ea80000, 0x00000007c0000000)
  eden space 347136K, 0% used [0x000000076ab00000,0x000000076ab00000,0x000000077fe00000)
  from space 88064K, 50% used [0x000000077fe00000,0x00000007829535b8,0x0000000785400000)
  to   space 89088K, 0% used [0x0000000789380000,0x0000000789380000,0x000000078ea80000)
 ParOldGen       total 390144K, used 253675K [0x00000006c0000000, 0x00000006d7d00000, 0x000000076ab00000)
  object space 390144K, 65% used [0x00000006c0000000,0x00000006cf7baf38,0x00000006d7d00000)
 Metaspace       used 6547K, capacity 7280K, committed 7552K, reserved 1056768K
  class space    used 594K, capacity 616K, committed 640K, reserved 1048576K
}
Event: 16.331 GC heap before
{Heap before GC invocations=20 (full 4):
 PSYoungGen      total 435200K, used 391501K [0x000000076ab00000, 0x000000078ea80000, 0x00000007c0000000)
  eden space 347136K, 100% used [0x000000076ab00000,0x000000077fe00000,0x000000077fe00000)
  from space 88064K, 50% used [0x000000077fe00000,0x00000007829535b8,0x0000000785400000)
  to   space 89088K, 0% used [0x0000000789380000,0x0000000789380000,0x000000078ea80000)
 ParOldGen       total 390144K, used 253675K [0x00000006c0000000, 0x00000006d7d00000, 0x000000076ab00000)
  object space 390144K, 65% used [0x00000006c0000000,0x00000006cf7baf38,0x00000006d7d00000)
 Metaspace       used 6549K, capacity 7280K, committed 7552K, reserved 1056768K
  class space    used 594K, capacity 616K, committed 640K, reserved 1048576K
Event: 16.605 GC heap after
Heap after GC invocations=20 (full 4):
 PSYoungGen      total 482304K, used 89082K [0x000000076ab00000, 0x0000000790a80000, 0x00000007c0000000)
  eden space 393216K, 0% used [0x000000076ab00000,0x000000076ab00000,0x0000000782b00000)
  from space 89088K, 99% used [0x0000000789380000,0x000000078ea7eba0,0x000000078ea80000)
  to   space 107008K, 0% used [0x0000000782b00000,0x0000000782b00000,0x0000000789380000)
 ParOldGen       total 390144K, used 261276K [0x00000006c0000000, 0x00000006d7d00000, 0x000000076ab00000)
  object space 390144K, 66% used [0x00000006c0000000,0x00000006cff27168,0x00000006d7d00000)
 Metaspace       used 6549K, capacity 7280K, committed 7552K, reserved 1056768K
  class space    used 594K, capacity 616K, committed 640K, reserved 1048576K
}
Event: 17.985 GC heap before
{Heap before GC invocations=21 (full 4):
 PSYoungGen      total 482304K, used 482298K [0x000000076ab00000, 0x0000000790a80000, 0x00000007c0000000)
  eden space 393216K, 100% used [0x000000076ab00000,0x0000000782b00000,0x0000000782b00000)
  from space 89088K, 99% used [0x0000000789380000,0x000000078ea7eba0,0x000000078ea80000)
  to   space 107008K, 0% used [0x0000000782b00000,0x0000000782b00000,0x0000000789380000)
 ParOldGen       total 390144K, used 261276K [0x00000006c0000000, 0x00000006d7d00000, 0x000000076ab00000)
  object space 390144K, 66% used [0x00000006c0000000,0x00000006cff27168,0x00000006d7d00000)
 Metaspace       used 6549K, capacity 7280K, committed 7552K, reserved 1056768K
  class space    used 594K, capacity 616K, committed 640K, reserved 1048576K
Event: 18.192 GC heap after
Heap after GC invocations=21 (full 4):
 PSYoungGen      total 500224K, used 59431K [0x000000076ab00000, 0x0000000792c00000, 0x00000007c0000000)
  eden space 393216K, 0% used [0x000000076ab00000,0x000000076ab00000,0x0000000782b00000)
  from space 107008K, 55% used [0x0000000782b00000,0x0000000786509d80,0x0000000789380000)
  to   space 107520K, 0% used [0x000000078c300000,0x000000078c300000,0x0000000792c00000)
 ParOldGen       total 390144K, used 350823K [0x00000006c0000000, 0x00000006d7d00000, 0x000000076ab00000)
  object space 390144K, 89% used [0x00000006c0000000,0x00000006d5699f98,0x00000006d7d00000)
 Metaspace       used 6549K, capacity 7280K, committed 7552K, reserved 1056768K
  class space    used 594K, capacity 616K, committed 640K, reserved 1048576K
}
Event: 18.192 GC heap before
{Heap before GC invocations=22 (full 5):
 PSYoungGen      total 500224K, used 59431K [0x000000076ab00000, 0x0000000792c00000, 0x00000007c0000000)
  eden space 393216K, 0% used [0x000000076ab00000,0x000000076ab00000,0x0000000782b00000)
  from space 107008K, 55% used [0x0000000782b00000,0x0000000786509d80,0x0000000789380000)
  to   space 107520K, 0% used [0x000000078c300000,0x000000078c300000,0x0000000792c00000)
 ParOldGen       total 390144K, used 350823K [0x00000006c0000000, 0x00000006d7d00000, 0x000000076ab00000)
  object space 390144K, 89% used [0x00000006c0000000,0x00000006d5699f98,0x00000006d7d00000)
 Metaspace       used 6549K, capacity 7280K, committed 7552K, reserved 1056768K
  class space    used 594K, capacity 616K, committed 640K, reserved 1048576K
Event: 19.792 GC heap after
Heap after GC invocations=22 (full 5):
 PSYoungGen      total 500224K, used 15709K [0x000000076ab00000, 0x0000000792c00000, 0x00000007c0000000)
  eden space 393216K, 0% used [0x000000076ab00000,0x000000076ab00000,0x0000000782b00000)
  from space 107008K, 14% used [0x0000000782b00000,0x0000000783a57538,0x0000000789380000)
  to   space 107520K, 0% used [0x000000078c300000,0x000000078c300000,0x0000000792c00000)
 ParOldGen       total 572928K, used 389658K [0x00000006c0000000, 0x00000006e2f80000, 0x000000076ab00000)
  object space 572928K, 68% used [0x00000006c0000000,0x00000006d7c86ac8,0x00000006e2f80000)
 Metaspace       used 6549K, capacity 7280K, committed 7552K, reserved 1056768K
  class space    used 594K, capacity 616K, committed 640K, reserved 1048576K
}
Event: 21.100 GC heap before
{Heap before GC invocations=23 (full 5):
 PSYoungGen      total 500224K, used 408925K [0x000000076ab00000, 0x0000000792c00000, 0x00000007c0000000)
  eden space 393216K, 100% used [0x000000076ab00000,0x0000000782b00000,0x0000000782b00000)
  from space 107008K, 14% used [0x0000000782b00000,0x0000000783a57538,0x0000000789380000)
  to   space 107520K, 0% used [0x000000078c300000,0x000000078c300000,0x0000000792c00000)
 ParOldGen       total 572928K, used 389658K [0x00000006c0000000, 0x00000006e2f80000, 0x000000076ab00000)
  object space 572928K, 68% used [0x00000006c0000000,0x00000006d7c86ac8,0x00000006e2f80000)
 Metaspace       used 6563K, capacity 7280K, committed 7552K, reserved 1056768K
  class space    used 596K, capacity 616K, committed 640K, reserved 1048576K
Event: 21.432 GC heap after
Heap after GC invocations=23 (full 5):
 PSYoungGen      total 544256K, used 72038K [0x000000076ab00000, 0x0000000793200000, 0x00000007c0000000)
  eden space 436736K, 0% used [0x000000076ab00000,0x000000076ab00000,0x0000000785580000)
  from space 107520K, 66% used [0x000000078c300000,0x0000000790959950,0x0000000792c00000)
  to   space 112128K, 0% used [0x0000000785580000,0x0000000785580000,0x000000078c300000)
 ParOldGen       total 572928K, used 389658K [0x00000006c0000000, 0x00000006e2f80000, 0x000000076ab00000)
  object space 572928K, 68% used [0x00000006c0000000,0x00000006d7c86ac8,0x00000006e2f80000)
 Metaspace       used 6563K, capacity 7280K, committed 7552K, reserved 1056768K
  class space    used 596K, capacity 616K, committed 640K, reserved 1048576K
}
Event: 24.051 GC heap before
{Heap before GC invocations=24 (full 5):
 PSYoungGen      total 544256K, used 508774K [0x000000076ab00000, 0x0000000793200000, 0x00000007c0000000)
  eden space 436736K, 100% used [0x000000076ab00000,0x0000000785580000,0x0000000785580000)
  from space 107520K, 66% used [0x000000078c300000,0x0000000790959950,0x0000000792c00000)
  to   space 112128K, 0% used [0x0000000785580000,0x0000000785580000,0x000000078c300000)
 ParOldGen       total 572928K, used 389658K [0x00000006c0000000, 0x00000006e2f80000, 0x000000076ab00000)
  object space 572928K, 68% used [0x00000006c0000000,0x00000006d7c86ac8,0x00000006e2f80000)
 Metaspace       used 6563K, capacity 7280K, committed 7552K, reserved 1056768K
  class space    used 596K, capacity 616K, committed 640K, reserved 1048576K

