# JRE version: OpenJDK Runtime Environment (8.0_76-b03) (build 1.8.0_76-release-b03)
# Java VM: OpenJDK 64-Bit Server VM (25.76-b03 mixed mode linux-amd64 compressed oops)
Heap:
 PSYoungGen      total 541184K, used 92974K [0x000000076ab00000, 0x000000079b580000, 0x00000007c0000000)
  eden space 423936K, 0% used [0x000000076ab00000,0x000000076ab00000,0x0000000784900000)
  from space 117248K, 79% used [0x000000078ea00000,0x00000007944cbab8,0x0000000795c80000)
  to   space 164864K, 0% used [0x0000000784900000,0x0000000784900000,0x000000078ea00000)
 ParOldGen       total 508928K, used 508906K [0x00000006c0000000, 0x00000006df100000, 0x000000076ab00000)
  object space 508928K, 99% used [0x00000006c0000000,0x00000006df0faa60,0x00000006df100000)
 Metaspace       used 6550K, capacity 7280K, committed 7552K, reserved 1056768K
  class space    used 596K, capacity 616K, committed 640K, reserved 1048576K
GC Heap History (10 events):
Event: 16.306 GC heap after
Heap after GC invocations=20 (full 4):
 PSYoungGen      total 456192K, used 59045K [0x000000076ab00000, 0x0000000791580000, 0x00000007c0000000)
  eden space 366080K, 0% used [0x000000076ab00000,0x000000076ab00000,0x0000000781080000)
  from space 90112K, 65% used [0x0000000781080000,0x0000000784a29450,0x0000000786880000)
  to   space 94208K, 0% used [0x000000078b980000,0x000000078b980000,0x0000000791580000)
 ParOldGen       total 363008K, used 305480K [0x00000006c0000000, 0x00000006d6280000, 0x000000076ab00000)
  object space 363008K, 84% used [0x00000006c0000000,0x00000006d2a522e8,0x00000006d6280000)
 Metaspace       used 6535K, capacity 7280K, committed 7552K, reserved 1056768K
  class space    used 594K, capacity 616K, committed 640K, reserved 1048576K
}
Event: 17.584 GC heap before
{Heap before GC invocations=21 (full 4):
 PSYoungGen      total 456192K, used 425125K [0x000000076ab00000, 0x0000000791580000, 0x00000007c0000000)
  eden space 366080K, 100% used [0x000000076ab00000,0x0000000781080000,0x0000000781080000)
  from space 90112K, 65% used [0x0000000781080000,0x0000000784a29450,0x0000000786880000)
  to   space 94208K, 0% used [0x000000078b980000,0x000000078b980000,0x0000000791580000)
 ParOldGen       total 363008K, used 305480K [0x00000006c0000000, 0x00000006d6280000, 0x000000076ab00000)
  object space 363008K, 84% used [0x00000006c0000000,0x00000006d2a522e8,0x00000006d6280000)
 Metaspace       used 6535K, capacity 7280K, committed 7552K, reserved 1056768K
  class space    used 594K, capacity 616K, committed 640K, reserved 1048576K
Event: 17.752 GC heap after
Heap after GC invocations=21 (full 4):
 PSYoungGen      total 512000K, used 94197K [0x000000076ab00000, 0x0000000792800000, 0x00000007c0000000)
  eden space 417792K, 0% used [0x000000076ab00000,0x000000076ab00000,0x0000000784300000)
  from space 94208K, 99% used [0x000000078b980000,0x000000079157d418,0x0000000791580000)
  to   space 117248K, 0% used [0x0000000784300000,0x0000000784300000,0x000000078b580000)
 ParOldGen       total 363008K, used 325127K [0x00000006c0000000, 0x00000006d6280000, 0x000000076ab00000)
  object space 363008K, 89% used [0x00000006c0000000,0x00000006d3d81fd8,0x00000006d6280000)
 Metaspace       used 6535K, capacity 7280K, committed 7552K, reserved 1056768K
  class space    used 594K, capacity 616K, committed 640K, reserved 1048576K
}
Event: 17.752 GC heap before
{Heap before GC invocations=22 (full 5):
 PSYoungGen      total 512000K, used 94197K [0x000000076ab00000, 0x0000000792800000, 0x00000007c0000000)
  eden space 417792K, 0% used [0x000000076ab00000,0x000000076ab00000,0x0000000784300000)
  from space 94208K, 99% used [0x000000078b980000,0x000000079157d418,0x0000000791580000)
  to   space 117248K, 0% used [0x0000000784300000,0x0000000784300000,0x000000078b580000)
 ParOldGen       total 363008K, used 325127K [0x00000006c0000000, 0x00000006d6280000, 0x000000076ab00000)
  object space 363008K, 89% used [0x00000006c0000000,0x00000006d3d81fd8,0x00000006d6280000)
 Metaspace       used 6535K, capacity 7280K, committed 7552K, reserved 1056768K
  class space    used 594K, capacity 616K, committed 640K, reserved 1048576K
Event: 19.189 GC heap after
Heap after GC invocations=22 (full 5):
 PSYoungGen      total 512000K, used 52090K [0x000000076ab00000, 0x0000000792800000, 0x00000007c0000000)
  eden space 417792K, 0% used [0x000000076ab00000,0x000000076ab00000,0x0000000784300000)
  from space 94208K, 55% used [0x000000078b980000,0x000000078ec5e9b0,0x0000000791580000)
  to   space 117248K, 0% used [0x0000000784300000,0x0000000784300000,0x000000078b580000)
 ParOldGen       total 508928K, used 362622K [0x00000006c0000000, 0x00000006df100000, 0x000000076ab00000)
  object space 508928K, 71% used [0x00000006c0000000,0x00000006d621fa50,0x00000006df100000)
 Metaspace       used 6535K, capacity 7280K, committed 7552K, reserved 1056768K
  class space    used 594K, capacity 616K, committed 640K, reserved 1048576K
}
Event: 20.695 GC heap before
{Heap before GC invocations=23 (full 5):
 PSYoungGen      total 512000K, used 469882K [0x000000076ab00000, 0x0000000792800000, 0x00000007c0000000)
  eden space 417792K, 100% used [0x000000076ab00000,0x0000000784300000,0x0000000784300000)
  from space 94208K, 55% used [0x000000078b980000,0x000000078ec5e9b0,0x0000000791580000)
  to   space 117248K, 0% used [0x0000000784300000,0x0000000784300000,0x000000078b580000)
 ParOldGen       total 508928K, used 362622K [0x00000006c0000000, 0x00000006df100000, 0x000000076ab00000)
  object space 508928K, 71% used [0x00000006c0000000,0x00000006d621fa50,0x00000006df100000)
 Metaspace       used 6550K, capacity 7280K, committed 7552K, reserved 1056768K
  class space    used 596K, capacity 616K, committed 640K, reserved 1048576K
Event: 21.022 GC heap after
Heap after GC invocations=23 (full 5):
 PSYoungGen      total 535040K, used 62614K [0x000000076ab00000, 0x0000000795c80000, 0x00000007c0000000)
  eden space 417792K, 0% used [0x000000076ab00000,0x000000076ab00000,0x0000000784300000)
  from space 117248K, 53% used [0x0000000784300000,0x0000000788025bc8,0x000000078b580000)
  to   space 117248K, 0% used [0x000000078ea00000,0x000000078ea00000,0x0000000795c80000)
 ParOldGen       total 508928K, used 415227K [0x00000006c0000000, 0x00000006df100000, 0x000000076ab00000)
  object space 508928K, 81% used [0x00000006c0000000,0x00000006d957ecb8,0x00000006df100000)
 Metaspace       used 6550K, capacity 7280K, committed 7552K, reserved 1056768K
  class space    used 596K, capacity 616K, committed 640K, reserved 1048576K
}
Event: 25.509 GC heap before
{Heap before GC invocations=24 (full 5):
 PSYoungGen      total 535040K, used 480406K [0x000000076ab00000, 0x0000000795c80000, 0x00000007c0000000)
  eden space 417792K, 100% used [0x000000076ab00000,0x0000000784300000,0x0000000784300000)
  from space 117248K, 53% used [0x0000000784300000,0x0000000788025bc8,0x000000078b580000)
  to   space 117248K, 0% used [0x000000078ea00000,0x000000078ea00000,0x0000000795c80000)
 ParOldGen       total 508928K, used 415227K [0x00000006c0000000, 0x00000006df100000, 0x000000076ab00000)
  object space 508928K, 81% used [0x00000006c0000000,0x00000006d957ecb8,0x00000006df100000)
 Metaspace       used 6550K, capacity 7280K, committed 7552K, reserved 1056768K
  class space    used 596K, capacity 616K, committed 640K, reserved 1048576K
Event: 25.805 GC heap after
Heap after GC invocations=24 (full 5):
 PSYoungGen      total 541184K, used 117237K [0x000000076ab00000, 0x000000079b580000, 0x00000007c0000000)
  eden space 423936K, 0% used [0x000000076ab00000,0x000000076ab00000,0x0000000784900000)
  from space 117248K, 99% used [0x000000078ea00000,0x0000000795c7d6a0,0x0000000795c80000)
  to   space 164864K, 0% used [0x0000000784900000,0x0000000784900000,0x000000078ea00000)
 ParOldGen       total 508928K, used 490737K [0x00000006c0000000, 0x00000006df100000, 0x000000076ab00000)
  object space 508928K, 96% used [0x00000006c0000000,0x00000006ddf3c7f8,0x00000006df100000)
 Metaspace       used 6550K, capacity 7280K, committed 7552K, reserved 1056768K
  class space    used 596K, capacity 616K, committed 640K, reserved 1048576K
}
Event: 25.805 GC heap before
{Heap before GC invocations=25 (full 6):
 PSYoungGen      total 541184K, used 117237K [0x000000076ab00000, 0x000000079b580000, 0x00000007c0000000)
  eden space 423936K, 0% used [0x000000076ab00000,0x000000076ab00000,0x0000000784900000)
  from space 117248K, 99% used [0x000000078ea00000,0x0000000795c7d6a0,0x0000000795c80000)
  to   space 164864K, 0% used [0x0000000784900000,0x0000000784900000,0x000000078ea00000)
 ParOldGen       total 508928K, used 490737K [0x00000006c0000000, 0x00000006df100000, 0x000000076ab00000)
  object space 508928K, 96% used [0x00000006c0000000,0x00000006ddf3c7f8,0x00000006df100000)
 Metaspace       used 6550K, capacity 7280K, committed 7552K, reserved 1056768K
  class space    used 596K, capacity 616K, committed 640K, reserved 1048576K

