# JRE version: OpenJDK Runtime Environment (8.0_76-b03) (build 1.8.0_76-release-b03)
# Java VM: OpenJDK 64-Bit Server VM (25.76-b03 mixed mode linux-amd64 compressed oops)
Heap:
 PSYoungGen      total 157184K, used 63971K [0x000000076ab00000, 0x0000000779d00000, 0x00000007c0000000)
  eden space 93184K, 0% used [0x000000076ab00000,0x000000076ab00000,0x0000000770600000)
  from space 64000K, 99% used [0x0000000775e80000,0x0000000779cf8fb0,0x0000000779d00000)
  to   space 40960K, 0% used [0x0000000770600000,0x0000000770600000,0x0000000772e00000)
 ParOldGen       total 180224K, used 125747K [0x00000006c0000000, 0x00000006cb000000, 0x000000076ab00000)
  object space 180224K, 69% used [0x00000006c0000000,0x00000006c7accdf8,0x00000006cb000000)
 Metaspace       used 6076K, capacity 6960K, committed 7040K, reserved 1056768K
  class space    used 589K, capacity 616K, committed 640K, reserved 1048576K
GC Heap History (10 events):
Event: 17.019 GC heap after
Heap after GC invocations=7 (full 0):
 PSYoungGen      total 70144K, used 9203K [0x000000076ab00000, 0x0000000775600000, 0x00000007c0000000)
  eden space 60928K, 0% used [0x000000076ab00000,0x000000076ab00000,0x000000076e680000)
  from space 9216K, 99% used [0x000000076e680000,0x000000076ef7cf28,0x000000076ef80000)
  to   space 26624K, 0% used [0x0000000773c00000,0x0000000773c00000,0x0000000775600000)
 ParOldGen       total 43520K, used 43222K [0x00000006c0000000, 0x00000006c2a80000, 0x000000076ab00000)
  object space 43520K, 99% used [0x00000006c0000000,0x00000006c2a35ad0,0x00000006c2a80000)
 Metaspace       used 6076K, capacity 6960K, committed 7040K, reserved 1056768K
  class space    used 589K, capacity 616K, committed 640K, reserved 1048576K
}
Event: 17.020 GC heap before
{Heap before GC invocations=8 (full 1):
 PSYoungGen      total 70144K, used 9203K [0x000000076ab00000, 0x0000000775600000, 0x00000007c0000000)
  eden space 60928K, 0% used [0x000000076ab00000,0x000000076ab00000,0x000000076e680000)
  from space 9216K, 99% used [0x000000076e680000,0x000000076ef7cf28,0x000000076ef80000)
  to   space 26624K, 0% used [0x0000000773c00000,0x0000000773c00000,0x0000000775600000)
 ParOldGen       total 43520K, used 43222K [0x00000006c0000000, 0x00000006c2a80000, 0x000000076ab00000)
  object space 43520K, 99% used [0x00000006c0000000,0x00000006c2a35ad0,0x00000006c2a80000)
 Metaspace       used 6076K, capacity 6960K, committed 7040K, reserved 1056768K
  class space    used 589K, capacity 616K, committed 640K, reserved 1048576K
Event: 18.768 GC heap after
Heap after GC invocations=8 (full 1):
 PSYoungGen      total 70144K, used 6292K [0x000000076ab00000, 0x0000000775600000, 0x00000007c0000000)
  eden space 60928K, 0% used [0x000000076ab00000,0x000000076ab00000,0x000000076e680000)
  from space 9216K, 68% used [0x000000076e680000,0x000000076eca5230,0x000000076ef80000)
  to   space 26624K, 0% used [0x0000000773c00000,0x0000000773c00000,0x0000000775600000)
 ParOldGen       total 89600K, used 43181K [0x00000006c0000000, 0x00000006c5780000, 0x000000076ab00000)
  object space 89600K, 48% used [0x00000006c0000000,0x00000006c2a2b4d0,0x00000006c5780000)
 Metaspace       used 6076K, capacity 6960K, committed 7040K, reserved 1056768K
  class space    used 589K, capacity 616K, committed 640K, reserved 1048576K
}
Event: 19.119 GC heap before
{Heap before GC invocations=9 (full 1):
 PSYoungGen      total 70144K, used 67220K [0x000000076ab00000, 0x0000000775600000, 0x00000007c0000000)
  eden space 60928K, 100% used [0x000000076ab00000,0x000000076e680000,0x000000076e680000)
  from space 9216K, 68% used [0x000000076e680000,0x000000076eca5230,0x000000076ef80000)
  to   space 26624K, 0% used [0x0000000773c00000,0x0000000773c00000,0x0000000775600000)
 ParOldGen       total 89600K, used 43181K [0x00000006c0000000, 0x00000006c5780000, 0x000000076ab00000)
  object space 89600K, 48% used [0x00000006c0000000,0x00000006c2a2b4d0,0x00000006c5780000)
 Metaspace       used 6076K, capacity 6960K, committed 7040K, reserved 1056768K
  class space    used 589K, capacity 616K, committed 640K, reserved 1048576K
Event: 19.423 GC heap after
Heap after GC invocations=9 (full 1):
 PSYoungGen      total 111104K, used 26598K [0x000000076ab00000, 0x0000000775600000, 0x00000007c0000000)
  eden space 84480K, 0% used [0x000000076ab00000,0x000000076ab00000,0x000000076fd80000)
  from space 26624K, 99% used [0x0000000773c00000,0x00000007755f9ac0,0x0000000775600000)
  to   space 40960K, 0% used [0x0000000770600000,0x0000000770600000,0x0000000772e00000)
 ParOldGen       total 89600K, used 64299K [0x00000006c0000000, 0x00000006c5780000, 0x000000076ab00000)
  object space 89600K, 71% used [0x00000006c0000000,0x00000006c3ecace8,0x00000006c5780000)
 Metaspace       used 6076K, capacity 6960K, committed 7040K, reserved 1056768K
  class space    used 589K, capacity 616K, committed 640K, reserved 1048576K
}
Event: 19.555 GC heap before
{Heap before GC invocations=10 (full 1):
 PSYoungGen      total 111104K, used 111078K [0x000000076ab00000, 0x0000000775600000, 0x00000007c0000000)
  eden space 84480K, 100% used [0x000000076ab00000,0x000000076fd80000,0x000000076fd80000)
  from space 26624K, 99% used [0x0000000773c00000,0x00000007755f9ac0,0x0000000775600000)
  to   space 40960K, 0% used [0x0000000770600000,0x0000000770600000,0x0000000772e00000)
 ParOldGen       total 89600K, used 64299K [0x00000006c0000000, 0x00000006c5780000, 0x000000076ab00000)
  object space 89600K, 71% used [0x00000006c0000000,0x00000006c3ecace8,0x00000006c5780000)
 Metaspace       used 6076K, capacity 6960K, committed 7040K, reserved 1056768K
  class space    used 589K, capacity 616K, committed 640K, reserved 1048576K
Event: 19.806 GC heap after
Heap after GC invocations=10 (full 1):
 PSYoungGen      total 134144K, used 40932K [0x000000076ab00000, 0x0000000779d00000, 0x00000007c0000000)
  eden space 93184K, 0% used [0x000000076ab00000,0x000000076ab00000,0x0000000770600000)
  from space 40960K, 99% used [0x0000000770600000,0x0000000772df9270,0x0000000772e00000)
  to   space 64000K, 0% used [0x0000000775e80000,0x0000000775e80000,0x0000000779d00000)
 ParOldGen       total 102400K, used 102132K [0x00000006c0000000, 0x00000006c6400000, 0x000000076ab00000)
  object space 102400K, 99% used [0x00000006c0000000,0x00000006c63bd2c8,0x00000006c6400000)
 Metaspace       used 6076K, capacity 6960K, committed 7040K, reserved 1056768K
  class space    used 589K, capacity 616K, committed 640K, reserved 1048576K
}
Event: 19.806 GC heap before
{Heap before GC invocations=11 (full 2):
 PSYoungGen      total 134144K, used 40932K [0x000000076ab00000, 0x0000000779d00000, 0x00000007c0000000)
  eden space 93184K, 0% used [0x000000076ab00000,0x000000076ab00000,0x0000000770600000)
  from space 40960K, 99% used [0x0000000770600000,0x0000000772df9270,0x0000000772e00000)
  to   space 64000K, 0% used [0x0000000775e80000,0x0000000775e80000,0x0000000779d00000)
 ParOldGen       total 102400K, used 102132K [0x00000006c0000000, 0x00000006c6400000, 0x000000076ab00000)
  object space 102400K, 99% used [0x00000006c0000000,0x00000006c63bd2c8,0x00000006c6400000)
 Metaspace       used 6076K, capacity 6960K, committed 7040K, reserved 1056768K
  class space    used 589K, capacity 616K, committed 640K, reserved 1048576K
Event: 21.146 GC heap after
Heap after GC invocations=11 (full 2):
 PSYoungGen      total 134144K, used 31560K [0x000000076ab00000, 0x0000000779d00000, 0x00000007c0000000)
  eden space 93184K, 0% used [0x000000076ab00000,0x000000076ab00000,0x0000000770600000)
  from space 40960K, 77% used [0x0000000770600000,0x00000007724d2208,0x0000000772e00000)
  to   space 64000K, 0% used [0x0000000775e80000,0x0000000775e80000,0x0000000779d00000)
 ParOldGen       total 180224K, used 102155K [0x00000006c0000000, 0x00000006cb000000, 0x000000076ab00000)
  object space 180224K, 56% used [0x00000006c0000000,0x00000006c63c2df8,0x00000006cb000000)
 Metaspace       used 6076K, capacity 6960K, committed 7040K, reserved 1056768K
  class space    used 589K, capacity 616K, committed 640K, reserved 1048576K
}
Event: 21.315 GC heap before
{Heap before GC invocations=12 (full 2):
 PSYoungGen      total 134144K, used 124744K [0x000000076ab00000, 0x0000000779d00000, 0x00000007c0000000)
  eden space 93184K, 100% used [0x000000076ab00000,0x0000000770600000,0x0000000770600000)
  from space 40960K, 77% used [0x0000000770600000,0x00000007724d2208,0x0000000772e00000)
  to   space 64000K, 0% used [0x0000000775e80000,0x0000000775e80000,0x0000000779d00000)
 ParOldGen       total 180224K, used 102155K [0x00000006c0000000, 0x00000006cb000000, 0x000000076ab00000)
  object space 180224K, 56% used [0x00000006c0000000,0x00000006c63c2df8,0x00000006cb000000)
 Metaspace       used 6076K, capacity 6960K, committed 7040K, reserved 1056768K
  class space    used 589K, capacity 616K, committed 640K, reserved 1048576K

